-0.391574   0.208324   -0.401547
-0.167763   -0.795937   -0.0822886
1.40912   0.605118   1.45111
0.550316   0.115366   0.278921
-0.682494   -0.432719   0.324681
-0.928179   -0.696654   0.00922875
-1.30607   -1.59821   1.11682
1.15366   -0.240664   -0.828106
1.16387   0.0177713   -1.20596
0.12391   -0.808839   -0.499748
0.10992   1.33066   1.37346
1.84427   -0.607904   -1.24763
0.926355   -0.616296   1.23315
-1.73555   -0.130026   1.34339
-1.22538   -1.34241   1.73959
-0.278642   -0.477403   0.292461
-0.304353   0.10477   -0.0927248
0.934701   1.60516   0.278111
0.19783   -1.14475   -0.173902
0.233783   0.389914   -1.02497
1.5166   0.211805   -2.51753
1.78342   0.802694   0.975625
-0.110607   -0.00424727   -0.0472219
0.302233   1.52942   0.582434
-0.619556   -0.570835   -0.661644
0.176594   -0.998589   -1.46328
2.12048   -0.384472   -0.600836
0.191667   0.408691   -1.18276
-1.58735   -0.0364538   -1.0206
-0.701193   2.54977   0.0131861
-0.129453   1.32438   -1.33656
-0.55816   1.12214   0.0661533
-0.0476895   -0.6373   -1.76492
-1.47879   0.90718   0.781083
0.452054   0.542048   -0.827976
-0.631847   1.93268   -0.690386
-1.41981   -0.0266459   0.327124
0.630577   -0.174102   1.20149
1.72464   0.700802   0.28375
1.49617   0.0418412   -0.984774
-0.936846   -0.405729   1.48237
-0.252268   0.359383   0.655081
-0.962003   0.86063   0.507944
1.08161   1.25719   1.00306
1.15664   -0.513159   1.23471
-0.791942   0.285822   -1.05404
0.985237   0.809532   1.14899
0.592597   -1.04532   -1.0891
-0.703649   0.75907   -1.84803
0.958321   -1.51099   0.811262
-1.47767   -1.48994   0.103418
1.09773   0.421834   -1.60076
-0.900375   -1.52735   0.102691
0.665162   -0.886618   -0.0604997
0.201518   1.03766   0.981285
0.0463477   -0.200519   -0.318117
-0.135365   -0.935656   -0.104151
-0.222003   1.59903   0.340456
2.11672   -2.5648   -0.186639
0.27388   0.239308   -1.53896
-1.01561   0.793235   1.8101
-0.643443   0.930978   0.609932
-1.68537   -0.226849   1.06051
0.178652   1.74984   0.326356
1.19085   -1.36262   0.941855
0.0568471   -1.30741   1.38356
-0.519719   -3.53326   -0.278633
1.11343   0.769614   0.842513
0.75795   0.548265   -0.361832
0.688257   1.0615   -0.606657
0.960815   -0.507213   0.568873
-0.807109   2.34911   1.01219
0.151161   -0.969019   0.327239
-0.0605442   -0.71143   1.62189
-0.0800162   -3.43134   0.34907
-0.688949   2.03964   1.32956
0.978526   1.94824   0.147988
-0.226931   0.518464   -0.877916
-1.16747   0.330654   0.740529
0.955074   0.877413   -0.00158937
-1.13574   -2.30536   0.209933
-0.587394   1.01252   -1.22579
0.00619188   -0.752324   -1.95776
-0.369092   -0.0787499   -1.06052
-0.188249   -0.589242   0.22992
0.285186   -0.399527   -0.279555
0.406755   -0.0143107   1.16875
-1.51148   0.891276   0.183588
-0.902085   -1.74217   -2.40628
-0.638249   -1.07208   0.841146
0.231788   -0.147456   0.927206
0.24924   -1.22413   -0.486812
-2.4512   -1.38738   0.912537
-0.395113   1.68406   -0.261349
-1.28193   0.230138   -1.20152
1.76248   -0.0439031   0.815954
-1.91749   0.526984   -0.803543
0.24452   -0.0383925   0.93223
0.25074   1.47955   0.762432
-1.45559   0.367055   -0.685664
1.69325   -0.276427   -0.315415
0.810901   1.93027   0.239927
-0.494149   0.78743   -0.258102
-0.367093   -0.723541   -1.23178
-0.279141   -0.314728   -0.432412
0.702474   0.0217474   0.51726
0.338798   0.205318   -1.66576
-0.676073   -1.1699   -0.00152047
