0.301663   0.282964   0.149011
-0.127693   -0.323981   -0.272302
-0.0879782   -0.074931   0.428916
-0.249355   0.251836   0.126661
-0.207575   0.263546   -0.279593
0.351754   -0.223544   0.0576229
0.226096   -0.0362183   0.100093
-0.166854   0.489923   0.34126
-0.0284269   0.340783   0.198273
0.353292   0.109049   0.275409
-0.282453   -0.0710922   -0.467458
0.114522   0.000157977   0.35928
0.109241   0.480137   -0.21547
-0.324516   -0.351505   -0.237994
0.445099   0.00754204   -0.461882
0.113506   0.157661   0.222414
-0.195064   0.278165   0.338912
0.498504   0.408838   -0.376178
0.467633   -0.322517   -0.0724921
0.00956056   0.122958   -0.250698
0.35487   0.454744   -0.119548
-0.170404   -0.477923   -0.128802
0.434143   -0.217   -0.488785
0.0686513   -0.355742   -0.07288
0.0869956   -0.0768172   -0.288526
0.432511   0.402541   0.0815537
0.26519   -0.194437   -0.295173
-0.364165   0.352476   0.428715
0.117527   0.279592   0.0524178
-0.024732   -0.393087   0.183055
-0.435537   0.071207   0.236669
0.276303   -0.459578   -0.296871
0.444275   0.304543   -0.192209
-0.409674   0.231839   -0.367995
0.0328912   0.0932522   -0.456008
-0.431162   -0.115117   -0.0143162
-0.408636   -0.154693   -0.336393
0.0783534   -0.331217   -0.289556
-0.365275   0.405035   0.229366
-0.195272   0.156165   0.493829
0.290483   0.340569   -0.339635
0.0347999   0.376321   0.389882
-0.142995   0.335825   -0.461718
-0.234026   -0.17115   -0.0167196
0.00564539   -0.0831132   0.199416
0.416069   0.13693   -0.303539
-0.481738   0.227127   0.0843652
0.228905   0.0175228   -0.388213
0.452687   0.0316834   0.061007
0.438373   -0.310498   -0.293835
0.203188   0.495745   0.00740892
-0.431364   -0.49862   -0.162974
-0.323976   0.314853   -0.109854
-0.0946418   0.102997   0.117117
-0.459774   -0.411912   0.189776
0.200675   -0.431286   0.390364
-0.230058   -0.35927   0.194545
-0.278475   0.0228569   0.118238
-0.182099   0.451511   0.111768
-0.47226   0.12847   -0.136334
0.0720969   -0.26544   0.347567
-0.273881   0.106268   -0.121431
-0.240563   0.466189   -0.302941
0.0068559   0.450255   -0.00729941
-0.0425656   -0.169023   -0.153219
-0.196239   -0.162393   0.171919
0.103796   -0.497187   -0.440052
0.191249   -0.293977   -0.450888
-0.0931913   -0.294582   0.0321197
-0.497573   0.253071   0.305138
0.253757   -0.145248   0.38713
0.283592   -0.343695   -0.120044
0.15749   0.226039   -0.170339
0.182367   0.193715   0.465676
-0.371042   0.0378269   -0.296238
-0.109628   -0.00767189   -0.0652586
0.184735   -0.160611   -0.109379
-0.427832   -0.208532   0.1662
0.346774   0.38296   0.366508
-0.415745   -0.359884   0.39108
-0.421801   -0.42095   -0.401447
-0.0702082   -0.161595   -0.387318
-0.0481911   -0.35412   0.494429
-0.406883   -0.146695   0.352518
-0.327463   -0.354383   -0.0147267
-0.0317748   0.172722   0.368675
-0.1663   0.0232567   -0.320035
-0.250725   -0.283197   -0.422343
-0.373811   0.45036   0.0368871
-0.0536116   0.215707   -0.0834431
0.398552   -0.0765424   0.28756
0.0980856   0.0338814   -0.0333005
0.177572   0.41178   0.249122
0.277844   0.0187869   -0.161595
-0.0629112   0.39429   -0.221185
0.373748   -0.387664   -0.481163
-0.401889   0.135458   0.453376
0.416874   0.218072   -0.499241
-0.260024   -0.48807   -0.49618
0.127688   -0.218455   0.101905
0.37034   -0.303372   0.269051
0.333431   0.199733   -0.0474949
0.432873   -0.0872897   -0.162953
-0.239598   -0.159637   -0.240163
0.167853   -0.38315   0.204918
-0.249959   0.0195674   0.32834
0.0593063   0.320146   -0.35223
-0.224232   -0.27858   0.370615
