0.279577   -0.335377   -0.440326
0.428912   -0.237097   0.38482
-0.243748   -0.284362   -0.271657
0.275406   -0.409617   -0.355512
0.44004   0.0593081   0.485571
-0.0685987   -0.433028   0.260106
0.00341355   0.137828   0.367009
0.442126   0.438922   0.217524
0.218918   -0.345317   -0.0488489
0.212914   0.26715   0.438412
0.468008   -0.435878   -0.227599
-0.280483   0.357176   -0.0633325
-0.483946   0.154951   0.417668
0.274609   0.0128509   -0.488625
-0.0274756   -0.0391271   -0.487276
-0.414473   -0.0438061   -0.069151
0.165517   -0.139193   0.126079
-0.426528   -0.347615   -0.471624
0.176649   0.136098   -0.155214
-0.494382   -0.0763806   -0.148199
0.149511   0.37664   -0.0625552
0.164637   0.451597   0.0306391
0.314547   0.13283   0.455751
-0.328441   0.0934613   0.326857
0.323496   -0.478787   -0.355144
-0.274816   -0.273123   -0.061176
0.0251991   -0.102524   -0.378051
-0.0208881   0.42472   0.26064
-0.266806   -0.419283   -0.30084
-0.0407704   -0.275732   0.387514
-0.126535   -0.409511   -0.400447
-0.148499   -0.474853   -0.286023
-0.0202227   0.345329   0.266538
0.403269   -0.0781991   0.378849
-0.0911928   -0.337874   -0.111304
0.482431   0.387195   0.141308
0.16586   -0.21921   0.0133718
0.247499   0.48775   -0.00141372
0.201193   -0.412211   -0.261054
-0.344281   -0.288378   -0.188946
0.122203   -0.286584   0.0463228
0.240944   0.263581   -0.462054
-0.303515   0.335163   0.0548574
0.207732   0.359167   0.0775384
-0.357303   -0.439296   -0.420494
-0.441324   -0.49437   0.236652
-0.175596   -0.354284   -0.229366
0.402303   0.0294596   -0.0490707
-0.170122   0.0483972   0.135117
-0.275517   -0.366913   -0.0317887
-0.182003   0.35303   -0.376701
0.455148   -0.196468   -0.0553758
0.459021   0.175727   -0.221078
0.279508   -0.427661   -0.429168
-0.250325   0.142454   0.342466
-0.325659   -0.351427   -0.312786
-0.370566   -0.046829   0.356901
0.0676906   -0.227708   -0.00619852
0.299338   0.245538   0.189927
-0.361292   -0.203563   -0.146935
-0.192675   0.32214   -0.188707
0.0372003   0.277826   -0.263318
0.257974   -0.231715   0.460842
-0.289508   -0.137408   -0.151815
0.444532   0.161178   0.300187
0.247121   -0.161784   0.305108
0.333935   0.232031   0.420756
-0.405788   0.0196527   -0.119571
-0.363172   -0.182795   -0.348991
-0.319413   0.146988   0.428558
-0.311538   0.342902   -0.326668
0.054129   0.186006   -0.460471
0.0393271   0.254555   0.393323
-0.177501   -0.288505   0.0839099
0.0592126   0.444087   0.0381485
0.243868   0.454072   0.200053
0.320418   -0.237594   0.250367
0.233401   0.3435   0.327687
-0.127488   -0.245325   0.0231601
0.352758   0.0902368   -0.111272
-0.0338762   0.0249955   -0.0973634
-0.289138   0.341316   -0.411536
0.357868   0.419993   0.296841
-0.257551   0.481995   -0.40738
0.092254   -0.413957   -0.0881979
0.11482   -0.436418   0.253905
0.0926517   0.37518   0.0059586
-0.16834   -0.225434   0.485761
0.151958   0.350253   0.274645
0.0415883   -0.391522   -0.325807
-0.399188   -0.331164   -0.346364
0.196373   -0.134284   0.227121
-0.115709   0.00345533   -0.226934
-0.321831   -0.103535   -0.436203
-0.399825   -0.0919793   -0.351323
-0.0840755   0.194284   0.209207
-0.362113   -0.0526983   -0.151085
-0.418412   -0.401645   -0.384488
0.289016   0.459837   -0.294743
-0.467945   -0.275177   0.381085
-0.432939   -0.191741   0.456229
-0.122548   -0.363259   0.0053759
-0.447674   -0.0606413   0.378085
-0.188861   -0.356608   -0.0853428
-0.15038   0.498681   -0.174512
-0.211846   -0.0409277   -0.183122
-0.34803   -0.311017   -0.422285
0.364651   0.317234   0.128083
