-0.0816192   2.15205   -1.26132
-0.440848   0.697507   -0.377392
-1.84738   0.790329   -0.20059
1.53389   -0.0631621   0.141758
-1.34805   1.47545   -0.166003
1.01954   1.61069   -0.738094
0.98007   -0.59556   -0.124366
-0.0730563   -0.315122   -0.208668
0.124911   0.166618   -0.487995
0.859355   -0.479456   -0.316916
-0.0752122   0.961925   0.8091
0.552095   -0.966428   0.714792
1.07676   -1.20044   0.531128
-0.342096   -1.65828   1.99806
0.404898   -0.99368   -0.564014
0.821129   -0.248957   -1.24664
1.01172   -1.86984   -2.03255
0.934939   1.86924   0.339683
1.88317   2.26114   0.892446
-2.30248   -0.19293   0.584148
0.871294   -0.968468   0.609691
-1.22179   -1.51948   0.122977
0.366424   1.12683   -1.17604
-1.18582   0.45442   1.86103
0.706093   -1.6408   0.762544
0.138954   -0.835782   -1.07469
0.132005   0.630757   1.2567
-0.615351   -1.3357   1.83075
0.533478   -0.397277   0.95334
0.400047   2.55092   -0.0854518
0.261351   0.000348008   0.549936
-0.846975   -0.546618   -0.112616
-1.54463   -3.0137   -0.44276
0.490928   1.1317   -1.59733
-1.48393   1.61815   0.616691
-0.657702   0.625886   -0.015525
0.632949   0.112465   -1.35124
-1.074   0.601384   -0.688425
0.828552   0.0534512   -0.827348
0.438293   -2.23003   -0.800621
-0.892145   0.803289   -0.345074
1.14339   0.319614   3.6919
-0.398695   -1.37963   0.00261325
0.571587   0.131774   -0.210609
-0.810551   1.04878   0.591524
-0.626344   0.712695   -0.884712
0.5687   -2.2417   -1.7948
-0.751234   -2.11017   -1.8637
1.73034   0.108002   -0.943405
2.2279   -2.33108   -0.378835
0.73621   2.59725   0.291514
-1.75945   -1.62682   0.723754
0.717351   1.68031   -0.884612
1.15225   -0.0849701   -0.178042
-2.01907   0.0489454   -0.442738
-0.0101888   0.692926   0.0769568
-1.19442   0.889835   1.02036
-0.61545   -0.567237   1.16833
-0.509867   -0.203521   2.45786
1.23627   0.826112   0.358493
0.43411   0.17307   -0.617705
0.26988   0.103349   -0.879982
2.8869   0.358655   -0.694164
-0.287314   0.0816632   0.0375757
-0.287738   0.59502   0.0670104
1.43077   0.291699   1.77988
0.909225   0.396702   0.046106
-1.02506   1.66219   -0.0505842
-0.430632   1.26268   1.14624
0.788884   0.318133   0.338073
1.43148   0.273256   -1.49287
1.6448   1.6691   0.48193
-0.491633   0.592938   -0.526452
-1.06947   -1.31574   0.716735
-3.29074   -1.21832   1.07345
-1.3251   0.29411   0.333634
0.402052   -0.132233   0.224542
-0.253864   -0.834395   -1.15921
-0.349054   -0.714685   -0.367476
-0.118181   0.0291374   1.26082
-0.461331   1.00235   -1.08128
1.28367   0.202487   -1.35369
2.2744   -0.382962   1.27961
0.241487   1.48296   0.303093
-1.22718   1.26001   -1.10422
0.0556635   -1.34567   -0.967103
-0.790024   -1.71758   1.99985
-1.04611   0.204702   0.438774
-2.25671   -0.915849   0.972787
-0.623719   -0.174512   -1.15427
1.04489   0.0952124   0.0526737
-0.737324   -0.0653343   1.51952
1.09789   1.05906   -0.148619
-0.0873919   1.73172   -0.0103767
-0.039939   1.22272   -0.41232
-0.411381   -2.06723   -0.418601
-0.629513   1.65856   -0.980896
0.973606   -0.860536   -0.294465
-0.744479   1.23847   0.362358
1.61195   -1.28251   -0.613054
-1.0976   -2.25656   0.367063
-0.137469   -0.752332   0.404042
-0.349402   0.733324   -0.315949
0.18262   0.147221   0.872793
-0.407064   -1.53412   -0.730135
1.82773   -0.527909   -0.520211
-0.865012   0.0401175   -1.85106
-2.31005   -1.21611   0.531201
