-0.0295236   -0.0629508   0.257213
0.304134   0.149219   -0.16005
0.0100862   -0.0895089   0.0866527
-0.458727   0.269236   0.47922
-0.0697693   -0.368488   0.384714
-0.452487   0.0501528   0.144122
0.278096   -0.289229   -0.450873
0.324208   0.0451916   0.0470269
0.226502   0.380929   -0.147162
0.0102435   0.199301   -0.247731
0.259977   0.187906   -0.243622
0.372009   0.106686   0.367145
0.206439   -0.0681984   0.390908
0.101073   -0.34806   -0.297963
-0.366995   -0.0383816   -0.128717
0.446332   0.086266   -0.167362
0.13898   -0.147099   0.135064
0.449607   -0.45907   0.146441
0.129178   0.421608   -0.308649
-0.103965   -0.354423   -0.210502
-0.34892   -0.391947   -0.410909
-0.0449409   -0.0595418   -0.064119
0.174242   -0.000813083   -0.268527
0.390311   0.426526   -0.485045
-0.393145   -0.491416   -0.030898
-0.384365   0.112374   -0.17097
0.350842   -0.32283   -0.387345
0.239983   -0.422292   -0.434915
0.432807   -0.429475   -0.402407
0.221089   0.0537734   -0.347189
-0.484814   0.497739   0.378984
0.121025   0.27031   -0.197096
0.196921   0.0405699   -0.12832
0.313464   0.232863   -0.313091
0.36586   0.182759   0.460156
0.366231   0.412987   -0.32668
-0.0406958   0.132938   -0.12999
0.160632   -0.107923   0.323229
-0.484489   0.412175   0.310043
-0.335819   0.493363   -0.411324
-0.0205778   -0.215802   0.409169
0.281287   0.126472   0.472393
0.214353   0.489939   -0.155458
0.0422797   -0.246879   0.262981
0.256628   0.206046   -0.0498454
0.361853   0.366762   -0.42094
0.31606   0.147775   -0.447338
0.48274   -0.059458   -0.206503
0.235637   0.0167977   0.463679
-0.483816   0.24599   -0.382065
0.351289   0.0193511   -0.0234869
0.474346   0.111789   0.369472
-0.187134   -0.170437   0.320317
0.0154702   -0.143308   0.475295
-0.0441991   -0.141729   0.174537
-0.437506   -0.0723522   -0.343481
0.156132   0.0211722   0.0385225
-0.201613   -0.391829   0.0353124
-0.34004   -0.440956   -0.152724
-0.405004   -0.331921   0.359106
0.452889   0.224231   0.362619
-0.208222   -0.424358   -0.115982
0.222914   0.476459   0.45282
0.315233   0.302709   -0.496667
0.325026   -0.432296   0.107806
0.257723   0.223135   -0.38163
0.293627   0.43318   0.158381
-0.353733   0.353163   -0.335228
-0.20167   -0.151043   -0.272817
0.265174   0.141566   -0.360498
0.254422   0.0198471   0.321753
0.278497   0.281467   0.00733377
0.1276   -0.280555   -0.120383
0.317555   -0.0412872   -0.315638
-0.0124278   0.323954   -0.413432
-0.159524   0.123741   -0.495502
-0.0621475   0.0115382   -0.0290334
0.353219   0.0283   0.267901
-0.356858   0.0321913   -0.262519
-0.457169   -0.00711766   -0.245288
0.422151   0.424993   0.305675
0.207644   0.152588   -0.164677
0.234612   0.292478   -0.218649
0.0959524   -0.297605   -0.205243
0.265373   0.169035   0.15678
0.270528   0.469613   0.0839823
-0.0375127   -0.327289   0.472135
0.322064   0.0635493   -0.345707
0.0433433   -0.447719   0.137087
0.0739792   0.369188   -0.383223
0.269602   0.0243383   -0.414276
-0.392297   0.432151   -0.32489
-0.130892   0.297938   -0.323208
0.470618   0.318397   -0.460014
0.300795   -0.0617612   -0.40149
0.0211507   -0.35572   -0.182538
-0.0981964   -0.0879901   0.148416
0.303024   -0.30989   -0.0627181
0.402539   -0.478799   -0.464482
-0.323197   0.484425   -0.0719252
-0.143873   0.055386   -0.238095
0.168618   -0.39459   -0.195186
-0.424108   0.219309   -0.082144
0.0253212   -0.0236112   0.465785
0.365367   0.00520528   -0.275416
-0.107959   -0.288138   0.492006
0.358318   -0.399415   -0.345731
-0.274941   -0.195491   -0.174598
