0.77439   -0.80403   1.73411
-0.975076   0.606802   -0.0691294
0.122997   -0.509361   -0.0928433
0.829405   1.92982   -0.341823
2.50694   -0.54006   0.501489
-0.0261344   0.614733   -2.56455
-3.10048   0.0106834   0.300614
-0.658845   -0.981142   1.61866
-1.08803   1.49443   1.36835
0.994898   1.2433   -1.30236
0.0321688   -0.477892   -2.91892
-0.377129   1.38916   0.0104996
-0.0018662   0.731805   -2.18066
1.92331   1.44335   0.143839
-0.650269   -1.75453   0.48609
-1.29871   0.73072   -0.941283
1.85726   -1.81581   0.750465
-1.42485   2.74495   0.930503
-1.62115   0.741664   -0.434025
0.476618   0.154477   0.431764
1.30481   0.130982   -2.62464
-0.403824   1.4239   -1.11444
0.168928   -2.42032   -1.27564
1.51383   -0.381597   -1.25011
-2.28512   0.0454249   1.94402
-0.338174   -0.165393   -0.87335
-0.324228   -1.10784   1.18364
2.59288   1.28509   -1.14058
-1.05052   -0.751822   2.64254
2.31562   -1.05435   0.0952794
1.71837   -1.11022   1.78105
-0.914942   0.73864   -0.232042
-0.468584   1.52687   -0.910668
-0.992252   0.671925   0.330279
-0.599726   -1.43357   1.67646
-0.372855   -1.42466   -0.102888
1.09606   0.0326338   0.696344
1.00333   -2.0085   -0.409495
-2.62157   -0.120386   -1.87503
0.908591   0.126411   -1.84022
0.625672   -0.192721   -0.966954
-0.873268   1.18998   0.251268
0.469652   -0.421338   1.49179
-0.302585   0.512289   -2.83147
1.24925   0.522471   2.30171
-0.605187   -0.235945   2.03417
0.303222   1.22272   0.573567
-0.180679   -0.178665   1.13303
0.559392   1.06424   0.329441
-0.198642   -1.09414   1.2044
0.140997   -0.523444   0.542359
0.365211   -1.23774   0.616317
-0.245397   2.86933   0.562618
0.720093   1.20714   0.660862
-1.45417   -0.128781   0.109069
-0.689043   -1.02234   -1.3785
0.752379   0.538271   1.65282
0.28433   -0.0488804   -1.63263
0.249132   -0.433854   0.311917
-0.615326   -2.35724   -0.174287
-0.454284   -0.761164   -2.66754
-0.2106   -1.81149   -1.78336
-1.25929   0.390699   -0.772295
0.366215   -0.209819   -0.875228
0.219763   -2.16919   1.20222
-0.531849   -0.68903   -0.0578336
-0.837663   0.440246   -0.86985
0.0502602   1.15029   -1.16663
1.37338   0.135209   2.02935
0.393059   0.604455   -0.83158
-1.01523   -1.05447   -0.488165
0.279436   -0.0539939   0.0422035
-0.970037   3.08505   -0.180745
0.787206   0.203737   0.217049
-0.932728   0.802027   1.25737
0.309681   -0.355832   -1.20447
-1.7887   -0.856736   1.1162
-0.530237   -0.586888   0.126076
0.540194   -0.379027   1.70828
-0.570028   0.550746   0.844114
-0.217943   0.40343   0.213402
-1.17147   -0.402354   -0.355716
0.541195   -0.47148   0.0884536
-0.1554   -0.407791   -1.04228
0.0987322   0.166702   0.158191
0.669493   0.206238   1.5939
-0.863824   -0.444988   -0.509069
1.26211   -1.37029   0.621267
-0.833018   -0.619891   -1.76334
-1.59375   -0.607592   -0.384919
1.07181   3.01471   -0.787855
-2.3783   -0.567408   0.893567
-0.0242426   -0.625879   -2.43655
0.0266324   0.410724   -0.894039
-0.577178   -0.551048   1.92206
-1.42973   2.20854   1.77434
1.52571   -1.25239   0.0124019
0.946972   0.581411   2.33126
1.0941   0.146579   0.0209199
0.460872   -0.180055   -0.887738
0.530383   0.0184531   0.173369
0.380074   -0.342035   0.547229
1.88239   -0.0788077   0.652655
0.0433562   -0.00566316   0.397022
0.468405   -1.0893   0.558905
-0.183464   0.710743   -0.550392
2.12251   0.214817   -0.36086
-0.0161079   0.292189   -0.554126
