0.496622   -0.485653   -0.487562
-0.333511   -0.333113   0.498024
0.481273   -0.327156   -0.339935
-0.335081   0.494565   -0.344024
-0.1719   0.497031   -0.490657
0.00610083   -0.328306   0.497641
-0.169036   -0.323964   -0.352395
0.000361959   0.484673   -0.35361
0.165898   -0.498358   0.487601
0.331422   -0.324915   0.479299
0.169225   -0.340479   -0.347184
0.330346   -0.497359   -0.324415
-0.498982   -0.17285   0.493271
-0.325107   0.0151229   -0.49563
-0.497998   0.0165526   -0.338645
-0.333482   -0.181319   -0.332356
-0.170587   -0.154895   0.493777
0.010494   -0.00136032   0.48646
-0.155683   -0.00533033   -0.321557
-0.0179487   -0.172329   -0.331478
0.161052   -0.153929   -0.499535
0.327562   -0.0107578   -0.492811
0.149672   -0.00567176   -0.338419
0.335994   -0.14994   -0.3221
0.477621   0.173914   0.495271
-0.308432   0.319892   0.493839
-0.489856   0.324302   -0.363376
-0.302342   0.172794   -0.338402
-0.144749   0.178292   -0.493791
0.0224752   0.313943   0.497218
-0.164466   0.340417   -0.34953
0.00124147   0.155901   -0.332953
0.185814   0.166774   0.498241
0.329476   0.336904   -0.476286
0.164953   0.348936   -0.314957
0.339649   0.16503   -0.318445
-0.491248   -0.46769   -0.164528
-0.334066   -0.328037   -0.158913
0.499766   -0.336302   -0.00240088
-0.319961   0.494346   0.00994714
-0.174081   -0.499493   -0.194937
-0.0285504   -0.338184   -0.16462
-0.171055   -0.328014   -0.00481421
-0.00975053   0.496932   0.002911
0.144892   -0.477426   -0.162742
0.324863   -0.324357   -0.167076
0.170883   -0.308614   -0.00536309
0.322613   0.499261   -0.0101175
-0.492975   -0.165607   -0.169391
-0.349208   -0.0174596   -0.17492
-0.497877   0.00409941   1.08972e-05
-0.354921   -0.173415   0.0127386
-0.176445   -0.15839   -0.167629
-0.00638874   -0.0156881   -0.160561
-0.172598   0.00134169   0.0116783
-0.0138538   -0.161517   0.018844
0.157436   -0.167879   -0.177975
0.307446   -0.0117566   -0.16569
0.150722   -0.00704253   0.00538452
0.335662   -0.173534   -0.0098188
-0.476197   0.163936   -0.163803
-0.344735   0.335174   -0.186745
-0.493153   0.34534   -0.00171223
-0.320746   0.186593   0.00606109
-0.154596   0.169686   -0.16254
-0.0145758   0.327139   -0.169125
-0.149227   0.328894   0.00950035
0.0001714   0.155702   0.0143081
0.151339   0.174674   -0.171564
0.362081   0.33157   -0.157966
0.159836   0.336443   -0.00620212
0.339346   0.171937   -0.00835032
-0.488988   0.496468   0.178021
-0.311077   -0.339483   0.17717
0.491843   -0.354594   0.345033
-0.338064   0.49232   0.343877
-0.166383   -0.490848   0.179016
0.0229401   -0.326102   0.153319
-0.168147   -0.34192   0.360035
-0.00118239   -0.47921   0.317247
0.158328   -0.498777   0.151387
0.337424   -0.356244   0.153111
0.166849   -0.335848   0.328601
0.342059   0.478069   0.322397
-0.498944   -0.194635   0.169676
-0.335841   0.0122139   0.160985
0.491178   0.00653867   0.334863
-0.346606   -0.157695   0.329855
-0.170236   -0.176736   0.191574
0.000325635   0.00898301   0.168433
-0.172197   0.0112964   0.346979
-0.00941797   -0.180887   0.346838
0.187621   -0.176591   0.167006
0.329492   -0.031841   0.152539
0.191708   0.00440627   0.333529
0.338338   -0.177816   0.326064
0.489115   0.167537   0.166868
-0.348933   0.33205   0.181974
0.492703   0.33725   0.329717
-0.340936   0.167455   0.341969
-0.177403   0.178334   0.177143
-0.00826771   0.333321   0.180978
-0.143844   0.322311   0.348747
0.0188911   0.153703   0.334121
0.191166   0.169485   0.156057
0.334733   0.329069   0.163267
0.158918   0.343815   0.329213
0.333901   0.174585   0.329923
