-0.491966   -0.496883   -0.489813
-0.326471   -0.31782   0.493218
-0.489839   -0.322164   -0.321768
-0.314805   -0.470674   -0.339746
-0.163142   -0.485848   0.492005
-0.00342087   -0.326796   -0.494051
-0.181754   -0.293323   -0.336782
-0.015172   -0.496746   -0.327597
0.171235   -0.487692   -0.486622
0.344987   -0.330667   -0.499911
0.151214   -0.320526   -0.336435
0.328032   -0.499568   -0.340453
-0.483092   -0.165819   0.490235
-0.315962   0.0120112   -0.496576
0.494314   0.0234958   -0.337547
-0.334384   -0.151436   -0.336887
-0.151088   -0.16846   0.495545
0.00852711   0.000415778   0.475045
-0.172028   0.00784379   -0.316578
0.00626372   -0.154557   -0.317995
0.15928   -0.169094   -0.496467
0.33456   0.0128025   0.490043
0.178227   -0.00122324   -0.326317
0.347322   -0.159135   -0.338976
-0.488912   0.165037   0.490188
-0.328419   0.315242   -0.497785
-0.499791   0.344716   -0.334686
-0.325936   0.177311   -0.328976
-0.152286   0.154418   -0.496962
-0.000475965   0.332842   0.495247
-0.165749   0.34843   -0.345542
0.0166008   0.14734   -0.331348
0.162739   0.166878   0.493536
0.328039   0.342787   -0.479189
0.147938   0.353163   -0.335421
0.313758   0.166923   -0.341244
-0.483626   0.49707   -0.17103
-0.333528   -0.334004   -0.149061
-0.483916   -0.355528   0.0123682
-0.340278   0.464875   -0.00625738
-0.169374   0.487069   -0.152375
-0.00590969   -0.331986   -0.168664
-0.195034   -0.367486   0.0134788
0.00732504   0.497534   0.0122678
0.148138   -0.496229   -0.156156
0.330603   -0.349293   -0.167394
0.154557   -0.339943   0.00460321
0.316729   0.483645   0.000171827
0.494692   -0.166131   -0.179869
-0.349317   -1.67215e-05   -0.158017
-0.492362   0.00775752   -0.00242354
-0.339772   -0.172487   -0.0037619
-0.193331   -0.161271   -0.163917
-0.000440184   0.0068847   -0.146985
-0.175379   -0.0129706   -0.00286974
-0.0011293   -0.175816   -0.0153228
0.178039   -0.170864   -0.159371
0.346604   0.0102744   -0.166127
0.170514   -0.00284464   -0.0100283
0.347942   -0.171776   0.0015209
0.499211   0.189218   -0.17064
-0.331354   0.350677   -0.181821
0.482541   0.344666   0.00329175
-0.332458   0.217942   0.00732183
-0.171314   0.175142   -0.167218
-0.0123605   0.326094   -0.180719
-0.155463   0.336391   0.0138981
-0.0101571   0.154986   -0.00378126
0.158106   0.171498   -0.167492
0.3162   0.326352   -0.180554
0.139041   0.314675   -0.00999809
0.309305   0.169692   0.0107888
-0.484676   0.466638   0.181
-0.34697   -0.363403   0.163061
0.496642   -0.348921   0.338516
-0.338213   0.489052   0.336767
-0.157054   0.478963   0.175968
0.00291423   -0.345943   0.1729
-0.171024   -0.328209   0.322085
0.00269392   -0.48224   0.336591
0.154837   0.498648   0.166201
0.339063   -0.328233   0.172216
0.152179   -0.322506   0.328949
0.313386   -0.489414   0.341569
-0.481459   -0.161636   0.149013
-0.315766   -0.00555904   0.157661
-0.491589   -0.0016908   0.330688
-0.329763   -0.170151   0.338013
-0.183316   -0.17479   0.147687
0.00562438   -0.0226231   0.160254
-0.160026   0.00445644   0.332223
-0.00913263   -0.170913   0.333069
0.171702   -0.177891   0.145234
0.336573   0.00228285   0.154626
0.178628   0.00750195   0.302074
0.362002   -0.168094   0.311715
-0.483768   0.158876   0.172278
-0.333503   0.32741   0.188985
-0.495924   0.327753   0.342255
-0.325892   0.162504   0.333495
-0.163137   0.166234   0.158818
0.00461737   0.333777   0.174164
-0.177379   0.310347   0.355749
0.000233145   0.169501   0.334026
0.151836   0.163377   0.154734
0.335818   0.339272   0.191295
0.174902   0.312715   0.333198
0.353552   0.165891   0.341676
