-0.398502   -0.34025   -0.433302
-0.356074   -0.134842   0.490802
0.205492   -0.473385   -0.0159461
-0.069383   -0.319791   -0.278449
-0.319051   0.487705   0.384909
0.410311   -0.414506   -0.424633
-0.0887085   0.382265   0.472119
0.195506   0.146383   -0.436724
0.114841   0.32119   0.437475
-0.494771   -0.375383   -0.24699
0.374973   -0.317155   0.0338583
-0.349544   0.457845   -0.297965
-0.314691   0.026428   -0.395254
-0.349386   0.105282   0.380588
0.379331   0.223657   -0.279226
-0.0853976   0.0255203   -0.4043
-0.109453   -0.0500666   0.374137
0.328728   0.0138388   -0.37475
-0.432292   -0.159216   -0.289601
-0.00140318   -0.426545   0.484303
0.291603   -0.351859   -0.235518
0.465123   0.138704   -0.481218
0.0717105   -0.0966501   -0.454244
0.342571   -0.208898   -0.402802
0.446809   0.36735   -0.465938
-0.189445   0.331213   -0.339241
0.384388   -0.479622   -0.0957121
-0.369738   0.218526   -0.343392
-0.212347   0.177167   -0.491535
-0.0308118   0.160549   0.397493
-0.195819   0.157618   -0.23447
0.0108429   0.232397   -0.369392
0.110134   0.024067   0.355469
0.360142   -0.456805   0.363318
0.178376   0.479498   -0.418085
0.324105   0.251781   0.425342
-0.482253   -0.499716   0.0313055
0.127255   -0.476466   -0.220998
0.391073   -0.080599   0.0878743
-0.275167   0.328341   -0.130791
0.171609   0.261815   -0.252256
-0.0277122   -0.12888   -0.215336
-0.0404968   0.280482   -0.168512
0.0895506   0.485553   0.162931
0.173942   -0.239667   0.101789
0.380545   -0.157474   -0.205132
0.0960137   -0.28528   -0.0953884
0.497328   -0.414351   0.195518
-0.451112   -0.233108   0.10933
-0.187567   -0.424393   -0.41654
0.395662   0.0640308   -0.0477358
-0.390882   -0.0334045   0.0949696
-0.294829   -0.329035   -0.221022
0.178522   0.134039   -0.0222274
-0.183632   0.192887   0.00665202
-0.0482622   -0.377625   0.0573319
0.190633   -0.128247   -0.284143
-0.463579   0.0383965   -0.252635
0.32772   0.0367858   0.360155
0.225034   -0.0926675   -0.0443086
0.34038   0.397661   0.0935249
-0.0230566   0.455734   -0.346668
-0.472282   0.277488   0.0840716
-0.35343   0.0907667   -0.079807
-0.487588   0.281173   -0.12949
-0.0399561   -0.499156   -0.127487
0.319749   0.289016   -0.0974298
-0.241255   -0.0911241   -0.23932
0.0097821   0.0777134   -0.209949
0.332315   0.41913   -0.277748
0.128935   0.336668   0.0157199
0.243424   0.0664433   -0.194282
-0.249774   -0.472313   -0.0971449
-0.277011   -0.335308   0.0788125
-0.36907   -0.277001   0.298475
-0.196368   -0.233575   0.408581
-0.0859018   0.402397   0.0741896
-0.116075   -0.319397   0.243964
-0.175039   -0.137241   0.102106
-0.134758   0.460059   0.282037
0.00945839   -0.218743   0.405179
0.295262   -0.366286   0.198605
0.111156   -0.314772   -0.341899
0.194326   -0.32266   0.451167
0.495735   -0.0825843   0.27532
0.481083   0.150718   0.262211
0.460249   -0.0662817   0.489787
-0.28677   -0.0793926   0.289772
-0.435464   -0.159686   -0.0836619
-0.136979   -0.243962   -0.0951653
-0.174632   0.112542   0.22114
0.00163604   -0.146483   0.203643
0.0134611   -0.116841   -0.00382452
0.0794876   -0.343142   0.274754
-0.16209   -0.195634   -0.399519
0.410513   -0.250028   0.399858
0.210552   -0.143684   0.302962
-0.288454   0.280478   0.27333
0.465079   0.3661   0.28118
0.249015   0.38904   0.282836
-0.00848059   0.1085   0.0621121
-0.372254   0.304414   0.471698
-0.309354   0.435865   0.136195
0.161661   -0.00128422   0.144392
-0.139538   0.00164002   -0.0659946
0.321982   0.15159   0.12578
-0.00199491   0.310316   0.264312
0.174772   0.205698   0.269722
