-1.02597   -0.0514593   -0.278485
1.60035   0.897226   -1.62132
0.11862   0.887192   -0.0763773
-0.27523   -1.49757   0.856412
-0.763037   -0.498913   -0.0270564
-0.121636   0.16871   0.891152
0.0884399   -0.625756   -1.11352
0.645919   -0.581988   0.227944
-0.851984   0.182078   -1.51425
-0.993752   -1.58976   2.01725
0.132799   -0.457784   0.229738
0.510251   0.00759025   -0.389328
-0.505902   -1.05327   0.054301
1.2887   0.10911   -0.143831
1.52928   -0.0905663   0.509557
0.481022   -0.996362   0.479025
-1.52032   -0.0242598   0.0248896
-0.450725   -0.452692   0.950954
0.150383   0.236313   -1.88529
-0.146417   0.445897   0.476575
0.73158   0.685157   -0.494041
-1.1637   0.899046   -0.496508
-0.23942   -0.391849   0.865356
0.295625   -0.454424   1.57237
0.655885   0.889792   0.421362
0.407074   -0.22286   0.703856
1.20582   0.378191   0.338148
-0.20277   -1.37632   -0.0543318
0.240588   0.47779   -0.0868338
-0.999775   -0.123716   -0.0172461
0.103067   0.532998   0.0834113
-0.227328   0.0363665   0.401508
0.0357876   0.828192   -0.0249041
-1.09547   1.55618   0.35265
-0.676074   0.0414474   0.0767154
0.521944   0.394404   -0.209665
-0.784257   0.603106   -0.252513
0.438216   -0.696358   0.111006
-0.139739   0.052485   -0.324224
-1.76021   0.495248   0.379775
-0.509954   0.68532   -1.00785
0.747761   0.581214   0.201177
0.113042   -0.492928   0.166633
-1.11739   -0.775716   -0.463068
0.535891   -1.98636   -1.18359
-0.460336   -0.867566   0.522773
-0.0605145   0.554899   -1.61093
0.665679   -0.111794   0.466635
-0.625394   0.0883402   0.262044
-0.146786   0.719565   0.0361729
-0.98324   -0.305662   -0.12879
-0.600579   2.45762   0.386537
-0.1878   -0.254409   0.197035
1.40984   -0.960889   -0.000867662
0.0625775   0.654127   0.473196
0.264369   -0.798096   -0.41668
-0.601123   0.224498   -0.741379
-0.376168   -0.575492   0.0801023
1.11239   -0.227375   -0.243783
0.636707   0.814799   1.26717
-1.13014   0.481419   0.65712
1.09557   -0.0156646   -0.937874
-0.0863895   1.01964   -0.54862
-0.112137   0.372798   -0.16494
0.379735   0.114048   0.683097
0.759387   0.542508   -0.333062
-0.62634   0.146889   0.766895
0.459621   -1.56981   0.513863
-0.661926   0.840556   1.14676
-0.0157134   -0.255061   -0.258555
0.22114   0.252129   0.941854
0.560423   0.977155   1.29166
-1.20701   -1.27964   -1.39639
-0.457754   -0.120402   -0.204305
0.91765   2.25215   -0.521167
0.994892   -0.28331   0.346856
-0.483183   -0.434034   -1.06221
0.497668   0.537198   1.0321
0.142874   -0.431969   -0.389467
-0.133735   1.36638   -0.918876
-1.33223   0.00705955   0.678305
1.31683   -0.246435   -0.395199
0.526841   -0.626812   0.0105038
0.393427   -0.339923   0.0203453
0.0145726   0.162048   0.387436
-1.0739   0.413863   0.0943498
0.631286   0.484648   -0.109592
0.806515   -0.533372   -0.287266
-1.54481   -1.05471   0.899153
-0.436901   -1.72008   -0.478464
0.184725   1.13177   0.424895
1.53096   -0.329885   -0.152402
-0.725275   -0.162871   -0.2201
1.61016   0.108965   0.0215417
-0.333359   -0.767765   -0.846422
-1.99504   -0.427577   -0.502293
0.749036   1.07162   0.329
0.548298   -0.452144   -0.142907
-0.700162   -0.0682508   -0.291828
0.685254   -0.109054   0.600083
-0.519371   -0.279165   -1.00133
-0.174473   0.218168   0.832976
-0.484505   0.731556   -1.03288
0.387718   -0.352299   0.3066
0.564504   -0.779194   -0.486225
-0.212178   0.507898   0.444157
0.673239   0.0158771   -0.0458326
0.677595   -0.15962   -0.978121
