-0.424344   0.446573   0.0172696
-0.330042   0.295113   0.415391
0.0502038   -0.181733   -0.0819599
-0.131613   0.129143   0.474696
-0.0431084   0.469981   0.304548
0.381562   -0.321177   -0.23818
0.283985   0.261279   -0.0808704
-0.468918   -0.383419   -0.154243
0.400616   0.183459   0.137481
-0.183307   0.111707   -0.00750306
0.437187   0.36432   0.435529
0.155119   0.377659   0.083778
0.126895   0.299368   -0.0597364
-0.206923   -0.205545   0.350194
-0.471212   0.187713   0.372649
0.0685961   -0.431248   0.190841
0.459556   0.161154   0.0644515
0.483421   -0.254438   -0.210078
0.161624   -0.351261   -0.436083
0.345872   -0.312178   0.0865047
0.367812   0.00649079   -0.0192057
-0.295445   -0.254593   0.492126
0.107209   -0.11121   -0.138245
0.458101   -0.360918   -0.212396
-0.100683   -0.22709   0.305198
0.278571   -0.0734017   0.06437
-0.203005   -0.00691211   -0.113415
-0.210902   -0.300253   0.324602
-0.188352   -0.104828   -0.494373
0.360064   -0.00369598   0.0980816
0.305401   -0.02296   -0.396179
0.349879   -0.325611   -0.0153206
-0.310266   -0.0766588   0.150205
-0.291003   0.357368   0.0411372
-0.449179   0.391454   -0.118938
0.246282   0.499426   -0.374508
-0.365823   0.128368   -0.286276
-0.30241   -0.44599   -0.368644
0.00952968   0.309012   -0.105465
-0.135646   0.180724   0.363518
-0.362007   -0.387198   -0.371469
-0.199548   0.351769   0.477622
-0.499021   0.490027   0.0258727
-0.341969   0.176011   -0.216094
-0.0617648   0.115954   0.0722281
-0.00254165   0.322161   0.098094
0.0166916   0.35941   0.381596
-0.498174   0.490547   0.274946
0.25022   -0.350963   0.236242
0.171709   -0.146366   -0.341483
-0.446991   -0.114597   -0.466798
0.10841   -0.204104   -0.36143
-0.108825   0.257413   0.341352
-0.336626   0.297304   -0.49522
-0.114444   0.160662   -0.076784
0.493611   0.279506   -0.381331
0.26061   0.115337   0.386248
0.279208   0.474354   0.48585
-0.381373   0.0910763   0.0335751
0.0856404   -0.403083   -0.280247
0.219312   -0.169474   -0.414735
-0.290633   -0.404409   -0.0359242
0.371277   0.307924   0.141155
0.146953   0.256043   -0.365103
0.211468   -0.1913   -0.229486
-0.313389   -0.180262   -0.377958
0.491699   -0.0772117   -0.0321427
0.2343   -0.0729847   -0.266388
-0.195971   0.23607   0.121997
-0.374246   -0.336413   -0.436397
-0.441104   -0.488442   -0.0990605
-0.319526   -0.174099   0.0962171
0.124067   -0.383994   -0.0965521
-0.206286   0.399738   0.367382
0.418054   -0.0273514   0.326399
-0.122471   0.477264   0.341796
0.0878652   -0.359321   -0.362008
0.0855911   -0.119563   -0.0507639
-0.409702   -0.178013   -0.362439
0.454138   0.442594   0.371723
0.226977   0.0369743   -0.137943
0.43276   -0.401315   -0.291985
0.276868   -0.108508   -0.409756
0.458778   0.129537   -0.166857
0.458832   -0.326223   -0.344345
-0.11072   -0.327774   0.318616
-0.346272   0.359093   -0.0206282
-0.318221   0.383122   -0.365672
0.457607   -0.23898   -0.448245
-0.371542   -0.289121   0.317117
0.0468252   0.440374   0.127576
-0.457992   -0.171933   -0.132506
0.222826   0.442691   0.0405594
-0.33828   -0.315145   -0.327277
-0.145409   -0.335206   0.393051
0.173851   -0.0372687   -0.364737
-0.0361132   0.216932   0.346554
-0.269812   0.43781   0.334984
-0.168462   -0.160608   -0.0601251
-0.417971   -0.341452   0.155885
-0.182828   -0.274762   0.0693134
0.115171   0.206884   -0.118176
0.357168   -0.254481   0.35358
-0.259665   0.491087   -0.157649
-0.264243   0.397223   -0.458404
0.126644   -0.181458   -0.259586
-0.481144   -0.274567   -0.0166992
0.293657   -0.0072854   -0.214079
