-0.293681   -0.19291   -0.48969
-0.169494   -0.292596   -0.338828
0.369834   -0.311214   -0.386059
-0.327686   0.383492   0.401495
-0.334384   -0.0497185   0.373565
0.219313   -0.418276   0.40815
-0.0951876   -0.300032   -0.119352
-0.289764   -0.356618   -0.0232341
0.28092   0.399921   -0.0464388
0.166956   -0.334929   0.217464
0.00820227   -0.273983   0.422529
0.10309   -0.223443   -0.21928
0.480097   -0.305641   0.394332
-0.332073   -0.383431   0.344534
-0.332038   0.169505   0.409768
-0.185185   -0.393776   0.4639
0.0800896   -0.0821262   0.333751
-0.0250171   -0.135704   -0.399471
-0.195711   -0.170691   0.041876
0.203204   -0.494006   -0.403656
0.145256   -0.03449   -0.288695
0.0139685   0.233304   0.35477
-0.102203   -0.116371   -0.184422
0.40127   0.478948   -0.356175
0.303949   0.255639   0.252481
-0.246118   0.17835   -0.18219
0.496134   0.289845   -0.406713
-0.227321   0.25433   0.0482143
-0.222074   -0.0369121   -0.30627
0.0355398   -0.351926   -0.368824
0.268398   0.325355   -0.30734
0.385945   0.15927   0.469958
-0.032623   0.0811118   -0.240295
0.255292   -0.443163   -0.219172
-0.374013   0.433144   0.16777
0.123343   0.291333   -0.116854
0.0726799   0.344464   -0.471578
-0.196324   -0.359945   0.207144
0.474093   0.214392   0.153477
0.0982663   -0.465729   -0.0985709
-0.21102   -0.141052   0.240112
0.30588   0.400701   0.425525
-0.17928   0.441034   0.0304347
0.13466   -0.233923   0.00549327
-0.397668   -0.380733   -0.450685
-0.44812   -0.211272   -0.0198606
0.376998   -0.296883   0.1792
0.268637   -0.397587   0.0204359
0.0213014   0.433433   -0.279561
0.3314   -0.130822   -0.278792
0.404045   0.00528062   -0.111236
-0.392533   -0.067104   -0.120427
-0.40159   -0.394746   -0.258873
-0.0315835   0.197914   -0.0386698
0.0362633   -0.0590361   -0.0246557
-0.193187   0.0192743   -0.0475591
0.274601   -0.194973   0.373921
0.176673   0.0521751   -0.0850094
0.285501   0.000835403   0.33097
-0.217534   -0.46942   -0.215071
0.295445   0.114283   -0.287811
-0.161523   0.279329   0.419937
0.465805   -0.236829   -0.195124
0.493736   0.362575   0.315273
-0.373141   0.407289   -0.268423
-0.418994   -0.304999   0.167362
-0.373984   0.128909   -0.0288691
0.333912   0.193572   -0.103387
0.119506   0.173857   -0.370789
0.199258   0.175281   0.405333
0.449183   -0.476606   -0.136664
-0.326675   -0.0122682   0.155552
-0.478927   -0.10802   0.268493
0.0229615   -0.476784   0.445625
-0.413658   -0.152252   -0.32162
0.475173   -0.436675   0.0617462
-0.360211   0.442429   -0.051866
-0.498678   0.48985   0.45805
-0.00451019   -0.195393   0.15081
0.0291267   0.365448   0.0728007
0.108489   0.0873441   0.213409
0.336753   0.0789432   0.121677
0.19859   -0.0857266   0.129908
-0.128902   0.274909   -0.377439
-0.308157   0.195909   0.216934
-0.273688   -0.202768   -0.167722
-0.137862   -0.116582   0.420385
-0.190272   0.349289   0.247119
0.347154   -0.178038   0.00846635
-0.0518133   0.199962   0.160844
-0.0316189   0.0613315   -0.435707
0.250979   -0.00837757   -0.461155
-0.101185   -0.00848888   0.1264
-0.498259   -0.0410365   0.072694
-0.453464   0.128182   -0.272198
0.171692   -0.223673   -0.45257
-0.053251   -0.484699   0.268239
-0.118004   0.344892   -0.135948
-0.489502   0.0702912   0.351755
0.464861   -0.445419   0.268399
-0.465354   0.0329783   -0.436396
-0.00470575   -0.395411   0.0686063
-0.294095   0.165314   -0.377733
-0.155314   0.104545   0.297646
0.217265   0.221519   0.0700408
0.477385   0.339722   -0.0419001
0.147344   0.394403   0.280698
0.412743   -0.130182   -0.48864
