1.94009   1.55854   -0.695146
0.971432   -1.53977   -0.439642
-0.0172575   -0.991425   -1.6873
-1.07758   -0.507225   0.460965
1.487   0.0424548   1.72648
0.205375   -0.462411   -0.091132
-0.653902   -0.433481   0.357541
1.08149   0.248141   -2.17653
0.714794   1.61336   -1.43103
1.36174   2.58705   -1.14981
0.525275   -0.236953   -0.12487
0.631503   0.517017   1.74917
-0.351133   -0.476731   -0.766366
0.981712   -0.475336   -0.652513
-1.44422   0.535257   -0.177003
2.07281   -1.25794   1.71753
0.492786   -1.66338   -1.24649
0.148053   0.0129934   0.571995
0.196347   -0.260575   -0.0799793
1.39561   -0.196972   -1.37667
0.479353   1.30898   3.43391
-2.6418   0.602669   -0.560437
1.00716   -3.58344   0.909508
-0.809547   -0.163723   0.59613
-0.815417   -0.0835756   -1.18114
-1.19045   0.996924   -0.364648
0.465334   0.403062   -0.0408339
-1.49991   2.01855   1.88887
-1.18237   -2.24029   -0.169865
1.7744   -0.461485   0.506821
0.317689   0.0539502   -1.01826
-2.08311   1.02505   -0.768883
1.2311   0.146808   -0.304532
0.314406   0.00775129   1.22823
-0.653794   1.38229   1.92411
1.03657   -0.390347   1.0198
0.450094   1.20708   -0.161619
-0.0324857   0.947617   -0.877645
-0.287476   -0.497365   -2.40618
-0.734548   -2.73494   -0.323561
0.948366   0.577122   -0.841035
-1.31766   -0.88768   -0.0520514
-1.39372   -1.28306   1.21865
-0.292255   0.293895   -0.650182
0.371476   1.57349   0.326429
-0.551765   0.483524   -0.155535
-0.581887   -0.0152039   0.166262
-1.19138   0.429402   0.426136
0.63846   0.133055   0.54665
-2.71617   0.441501   0.514378
1.34838   -1.27189   0.108039
0.90198   -1.02609   -0.734414
0.327652   -0.349304   -1.88736
0.216589   -0.667826   1.30721
-1.22693   1.27699   -0.154141
-1.28093   0.951066   0.829596
-0.727303   0.436689   1.40895
-2.5596   -1.18965   -0.610553
0.378408   0.066549   -0.137712
1.92899   0.132803   -0.519621
-0.790859   1.00301   -0.146677
-0.685995   1.18884   -0.650427
0.12906   1.59747   -0.949249
-1.58663   -0.814141   -0.344927
1.0332   -0.966047   -1.59784
0.732604   1.57678   1.50261
-0.00167613   0.313039   1.674
-1.91444   -0.779341   -0.760365
-0.853122   0.793813   0.331751
1.27219   -1.75212   -0.0498759
-0.0528707   -1.95864   1.13755
0.408998   -0.0286769   0.738108
-0.75824   0.791604   -2.22818
0.988565   -2.32346   1.57048
-0.274506   -0.879175   1.69869
-0.322592   0.0106489   0.102098
1.52626   1.18533   -0.571467
0.612662   0.134348   0.316694
-0.582938   0.157422   0.467545
0.867385   1.0876   -0.165767
-0.155163   -0.253442   0.817141
0.994619   -1.4822   -0.721403
1.35704   0.0355287   -1.04676
-0.741554   0.364047   -0.0793041
-1.375   -0.773477   0.590639
-0.115242   1.20418   -0.225462
0.242924   0.632481   -0.99461
1.56812   2.57838   1.36104
0.895827   1.08118   -0.713948
1.17586   -0.91338   -0.0139183
-0.31   -1.28815   -0.111309
-0.279669   -0.665787   -0.160144
0.160642   -0.215838   0.885297
0.494341   0.867089   1.00209
1.29956   -1.51685   2.04928
-0.445008   -1.10591   0.551215
-0.252637   0.288633   -1.04028
-0.195825   0.140212   -1.62806
-1.00416   0.814452   -1.75279
-1.58054   0.663485   -1.54178
-1.36116   0.365988   -0.857182
-1.03802   -0.276121   -0.0900401
-1.15473   1.10333   1.52381
0.137408   -2.43147   -0.447547
-0.11911   0.619962   0.543777
1.6246   0.319859   0.134332
-0.635309   0.800882   0.618459
2.0373   0.0410897   0.34403
