0.0996721   0.0168359   0.384686
-0.0304845   -0.174958   0.184992
-0.200359   -0.492877   0.453338
-0.236037   0.0346248   0.369981
-0.121278   0.311163   0.147087
0.257104   -0.416437   0.0714872
-0.46155   -0.151755   -0.469638
-0.186486   0.149819   0.18196
-0.471901   -0.386616   -0.37683
0.478254   -0.166369   0.057162
0.383566   0.388119   -0.320467
-0.432956   0.0026817   0.0761501
-0.312634   -0.378835   -0.0754208
-0.0404516   -0.312136   -0.287592
0.191284   -0.340091   -0.322275
0.428567   -0.142406   0.384897
0.474095   0.0543303   0.237672
0.346547   -0.157436   0.208198
-0.0294033   0.327394   0.202558
0.459422   -0.456471   -0.443281
-0.00434351   0.167138   -0.41135
-0.431712   0.089892   0.285493
-0.0302472   0.268501   0.119617
-0.452544   -0.138835   0.399942
-0.398784   0.330861   0.343227
-0.46643   -0.289259   -0.47552
-0.226222   0.026565   -0.2787
0.31717   -0.425211   0.499427
0.401977   0.0929086   0.389923
0.183334   0.456738   -0.23889
-0.307585   -0.439455   -0.154544
-0.190018   -0.0317677   0.0414192
-0.28107   0.174537   -0.329816
0.0501024   0.237473   0.36198
-0.067586   0.3008   -0.380739
0.396908   0.102231   0.236453
0.403477   0.463564   -0.391887
-0.143559   -0.150609   -0.451069
0.491267   0.045949   -0.138513
0.230318   -0.228347   0.189927
-0.349382   0.148875   -0.3824
-0.366214   0.119478   0.48332
0.384026   -0.232945   0.463685
-0.406613   0.424185   0.179444
0.171432   0.356929   0.338479
-0.0159629   0.302933   0.386515
0.181235   -0.124312   0.461058
0.10723   0.075647   0.269547
-0.311724   0.48021   0.0034527
-0.062364   -0.119809   0.449991
-0.408698   -0.248827   -0.23675
0.400144   0.0606759   -0.00621197
-0.375098   0.0911521   -0.422048
-0.421384   0.258614   0.177258
0.451906   -0.012874   0.315776
-0.462394   -0.264975   0.359012
-0.0591593   0.0615931   0.0641637
0.138802   0.241111   0.041512
0.357579   -0.448686   0.331274
-0.126162   0.219055   0.308786
0.463308   0.138188   0.271879
0.330347   -0.0885754   -0.358282
-0.102996   0.144871   0.123224
-0.424055   -0.326761   -0.186945
0.182573   -0.297303   -0.214991
-0.348319   0.0189407   0.036703
-0.344483   -0.0995195   0.3449
0.0455256   0.173814   0.241744
-0.152423   0.160872   -0.115878
-0.478599   0.10891   0.196549
-0.0954492   0.377819   0.323197
0.064096   -0.181194   0.363768
-0.110367   -0.242391   0.124506
-0.195064   -0.320408   -0.467245
0.292207   -0.0842435   -0.492098
0.371193   -0.371802   0.0830793
0.212396   -0.334342   0.0950033
0.481657   -0.473963   0.22903
-0.439633   0.142053   -0.399788
0.281067   0.442164   0.425713
-0.395558   -0.49305   0.101217
-0.278773   0.162232   -0.151876
0.0383183   -0.11303   -0.16555
-0.331503   -0.261532   -0.201231
-0.364317   0.00899571   -0.287213
-0.284385   -0.0877091   -0.201234
-0.284161   0.422141   -0.238672
0.465297   -0.172207   -0.0829579
0.465282   0.0228143   -0.0469599
0.255438   0.287847   0.198139
-0.335156   -0.117457   -0.256051
-0.0417264   0.193498   0.301041
0.301319   -0.412678   0.225472
0.454394   -0.316176   -0.448904
-0.112225   0.0948969   0.279089
-0.497885   -0.248249   -0.336768
-0.226486   0.270267   0.321975
-0.425852   0.481535   -0.419975
0.00258987   0.134085   0.164705
-0.228392   -0.245705   0.367406
-0.322675   0.213132   -0.0528911
0.270112   0.366779   -0.30304
-0.472928   0.242592   0.279793
-0.13529   -0.0945194   -0.162287
-0.247153   0.100112   -0.00718546
0.435107   -0.396758   -0.491872
-0.050675   -0.0497268   0.0318909
0.417681   -0.0295392   0.0929637
