-0.245944   -0.141548   0.387342
0.179371   -0.133993   -0.159135
-0.498615   -0.102903   -0.363372
0.0736084   0.114826   -0.00176139
-0.173344   -0.463193   -0.33391
0.0276521   -0.114921   0.290473
0.416836   -0.475272   -0.214485
0.100147   0.225813   -0.211785
0.453151   -0.317202   -0.0729793
0.0561667   0.107292   -0.224291
-0.0750272   -0.164397   -0.445943
-0.291585   0.476493   0.341456
0.334914   0.388179   -0.453783
-0.416664   0.446334   0.0827232
0.131004   0.497798   0.048483
0.146456   -0.355729   0.429715
0.14494   0.343851   0.168695
-0.201352   -0.166822   0.306426
0.385172   -0.193226   -0.382118
0.0124753   0.240137   0.272898
-0.482248   -0.379944   0.157349
0.241247   -0.418642   0.173863
0.103476   -0.149338   -0.179313
-0.177954   -0.053872   0.302687
0.469077   0.393708   0.316901
-0.197309   -0.253624   -0.193246
-0.356792   0.431532   -0.282079
-0.335418   0.326008   0.372207
-0.448192   0.335523   0.226008
0.0331946   -0.492394   -0.0458952
-0.337053   -0.282842   0.465082
0.394751   0.348582   0.415896
0.234028   -0.0745864   -0.171006
-0.0096064   0.0332681   0.438619
-0.314123   -0.287522   0.113533
0.0654565   0.439437   -0.0260942
-0.116858   0.383823   0.491575
0.460584   0.199957   -0.205653
0.477586   -0.207663   -0.49762
-0.114784   -0.447257   -0.240825
-0.0193621   -0.245059   0.371723
-0.273204   -0.22091   0.407804
0.297229   0.319826   0.00810547
-0.056632   -0.275343   0.0912611
0.115468   -0.405282   -0.0953334
0.303716   -0.276223   -0.0868652
-0.176631   0.389587   0.195793
-0.174304   0.403988   0.284116
0.448923   0.284849   0.128924
-0.102894   0.163894   -0.449696
-0.443175   -0.00310415   0.453949
0.39614   0.199935   -0.469439
-0.375199   -0.450336   -0.0987594
-0.178705   -0.0317753   0.0854295
-0.192642   0.0461153   -0.0633735
-0.350283   0.462193   -0.0527441
0.0139875   -0.27468   -0.147765
-0.324175   0.340076   0.497838
0.380598   -0.308247   -0.107842
-0.175449   0.179033   0.492817
0.187927   0.140357   0.208634
-0.0448441   -0.288181   0.176171
-0.143499   -0.219274   -0.359933
-0.0371024   0.293854   0.247243
0.128675   -0.107339   0.225755
0.0525937   0.0844005   0.136759
0.373427   0.179514   0.227871
-0.412997   0.301449   -0.262158
0.246154   -0.418487   -0.124828
-0.443877   0.0877679   0.436028
0.173961   0.10826   0.0258266
-0.29651   -0.0403578   0.151171
-0.472343   -0.114505   -0.489927
-0.049116   -0.138812   -0.303047
-0.382052   -0.10484   0.374419
0.289146   0.270779   0.10138
0.387261   0.0160695   0.00218452
-0.371637   0.0167918   0.378767
-0.134933   0.46296   -0.31623
-0.312671   0.179311   -0.300801
-0.256953   -0.456046   0.304134
0.226896   0.422713   -0.347167
0.238353   -0.176592   -0.198831
-0.252693   0.434762   0.228024
-0.263026   -0.215913   0.223985
-0.139382   -0.0653505   0.225442
0.101831   0.456492   0.476645
0.165633   -0.36658   0.223806
0.0507977   -0.421099   0.251156
-0.333955   0.287454   -0.409381
-0.0640148   0.362987   -0.0478533
-0.307722   0.240624   -0.0701546
0.0291931   0.197337   -0.45229
0.314813   0.091551   0.390988
0.288364   -0.256531   -0.17754
-0.0146464   -0.203829   -0.173567
0.206701   -0.207892   -0.473524
0.194463   -0.479528   0.131948
-0.00753634   0.149356   0.402931
-0.451008   -0.497314   0.00784931
-0.342551   0.427151   -0.471835
-0.219071   -0.140235   -0.00252527
-0.200558   -0.212232   0.127814
-0.454741   -0.430599   0.0792876
0.305517   -0.161509   0.0635124
-0.107728   0.310472   -0.19912
0.302413   0.0164907   0.414674
-0.00878306   -0.170059   0.393733
