-0.652236   -0.886001   0.956004
1.22239   -0.229051   0.0946336
2.67747   -0.17804   -1.16844
0.0885015   -0.210539   -0.535435
-0.287431   1.21587   -0.849791
0.662524   0.593997   -0.429265
0.0258264   -1.42824   1.58886
0.494837   0.509047   -0.1634
-0.690132   -0.461684   0.342683
0.979651   -1.73551   1.25157
-0.0202613   -0.816257   -2.06038
0.0556992   -1.78594   0.312006
0.292809   2.23875   0.767061
0.879987   1.13597   2.17036
-0.00146686   1.00214   0.303951
0.75078   0.27358   -0.113428
-0.689615   -0.216587   -0.0187725
0.247318   -0.334754   1.28196
0.79353   0.729991   2.4286
1.49087   0.359927   -0.269813
-1.63243   -0.0393564   -0.167778
-0.903016   1.48969   -0.203917
-0.57444   -0.484688   1.33707
0.713111   1.26487   -1.15129
-0.031977   -0.123649   -0.369274
0.79576   0.201135   0.126491
-0.609076   -0.411112   -0.682886
-0.0815877   -3.26792   -1.3868
-1.29465   0.13596   -1.31821
-0.803602   1.02037   -0.143811
-1.50126   -1.94036   0.7412
-0.646752   0.514607   2.7373
-0.801486   0.24512   -0.353914
1.18197   0.405011   -0.285813
0.301432   -1.66606   -0.97159
-1.33304   -0.14949   1.55294
0.780011   0.955899   1.14913
1.92026   -1.4348   0.140532
-0.177863   0.780101   0.605569
0.310118   -0.246372   0.601411
-1.86636   0.656376   0.781563
-0.951842   0.0865658   0.17719
1.24757   -0.831116   -0.291841
2.51067   -1.88255   -0.230943
0.221508   -0.520676   2.58565
1.19314   -0.613873   -0.218958
1.53682   0.83521   -0.846773
0.298496   0.263486   -0.0173811
-2.79904   -0.00929919   -0.463139
2.35839   0.92647   -0.124836
-1.74982   0.466713   -1.11733
0.139621   0.74622   -0.570397
2.14423   -0.171478   -0.792398
-0.839685   1.14766   0.00857577
-0.69196   -1.25958   2.38543
-0.667064   -1.25668   0.112438
0.0295106   0.056866   1.73475
0.982789   0.623357   -0.10319
-1.86295   -0.978385   -1.24628
-0.780442   -0.606445   -0.179038
-0.14289   0.129544   0.650465
1.45668   1.28814   0.218054
-2.05682   0.829254   0.136655
-0.101276   -0.275228   0.506154
1.76838   0.333951   -0.864667
0.702607   -0.390133   0.531594
0.215233   1.92068   2.25099
-0.399349   0.880686   -2.2108
0.985594   0.663267   -0.691087
-1.11844   0.00222298   0.80141
1.07126   1.38102   -0.0723698
-1.54895   0.491007   1.41094
0.460731   -1.28933   -0.494945
0.603624   0.20555   -0.835359
1.93495   1.44165   -0.641872
1.84843   -1.09505   -2.40384
0.756965   -1.21783   -1.69615
0.354858   -1.95049   -0.73743
-0.993796   -0.0746759   -0.386633
0.606524   0.417655   0.966569
-1.25844   0.677524   1.09817
-0.683519   -0.049913   -0.968795
-0.98336   -1.1842   -0.327628
1.26579   1.13969   0.528647
0.230115   0.000579556   -0.0165567
-1.50474   2.16804   -0.335682
2.34529   -0.557128   -0.910477
-0.879668   -0.789253   -1.33589
0.0848578   0.910079   -1.50568
1.19411   0.405269   -0.67173
1.52053   -0.779749   -0.0384902
-4.02759   -0.912766   -0.369605
-2.22876   1.90241   -0.167979
-1.08385   1.24574   0.0374823
-1.74552   -1.10745   -0.236888
-0.905747   2.15085   -1.36401
0.585741   -2.02735   0.173705
-0.753729   -1.5151   1.14733
-0.955316   0.592323   1.32311
-2.22693   -0.691083   -0.265964
0.107643   0.274058   0.295749
1.84714   -1.59675   0.197309
-1.58491   0.580304   0.24498
0.144001   -0.272878   0.322819
-0.853367   -1.59304   -1.06682
0.763612   2.54196   0.377705
0.998394   1.0032   -1.08166
-0.202202   -0.911736   -0.949241
