-0.117272   -0.426461   0.345033
-0.112335   -0.197117   -0.167891
-0.3653   -0.283703   -0.189012
-0.311626   -0.47998   -0.304152
0.258736   0.470383   -0.43711
-0.0388472   -0.403232   -0.314997
0.312109   -0.274635   -0.271552
-0.154504   -0.408691   -0.125619
0.408414   0.382445   0.134237
0.418603   -0.447564   -0.108493
0.427194   0.369343   0.486166
-0.423693   -0.325621   -0.410531
-0.390883   -0.0735036   -0.0936651
0.470803   -0.0398783   0.347615
0.310461   0.160342   -0.20817
-0.372255   0.0880978   -0.303302
0.0313007   0.018179   0.387974
-0.158321   0.136801   -0.365387
-0.286086   0.265627   0.486032
-0.269671   -0.0994097   -0.253716
0.262972   -0.0218649   -0.469849
0.0847367   0.171991   0.249991
0.0445753   -0.334215   -0.0397701
-0.476074   -0.268265   -0.0102067
-0.10342   0.17385   -0.0617678
-0.11797   0.172032   0.439519
0.396002   -0.489543   0.330135
-0.424816   0.331222   0.215648
-0.487046   -0.295584   0.364535
-0.331781   -0.463962   0.305809
0.109116   0.187163   -0.484354
-0.116072   -0.12486   0.399395
-0.00153638   0.410096   0.24495
0.251691   0.268246   0.163862
-0.124713   0.402897   -0.232223
0.321312   0.186874   -0.493608
-0.0538826   0.306158   -0.417457
-0.168588   -0.0306061   -0.0472929
0.47331   0.204266   0.0720693
-0.209627   0.405941   0.186517
-0.360938   0.322324   -0.337677
-0.257227   -0.216025   -0.0131473
0.168815   -0.167198   -0.183832
-0.169199   0.46904   -0.453223
0.218082   -0.425964   -0.0204807
0.111118   0.0228653   -0.338241
-0.122522   -0.427342   0.0882188
0.289341   0.352403   -0.149854
-0.335552   0.454291   -0.103823
-0.487795   -0.151557   -0.260711
0.104308   0.198236   -0.0604159
0.211166   0.465333   0.217896
-0.155035   -0.0476242   -0.425535
0.176297   -0.0374381   0.239469
-0.271261   -0.345678   0.45803
-0.137262   -0.281215   0.231162
-0.0739156   0.0177497   -0.225399
0.470565   0.0351425   -0.4223
0.181862   -0.0130439   -0.0265068
0.320998   -0.240501   -0.0558188
-0.480191   0.109981   -0.127393
-0.297564   0.220855   -0.163165
0.491473   0.331605   -0.130304
0.343569   -0.00494884   0.131496
-0.322531   0.134076   0.257266
0.203607   -0.466632   -0.215932
0.0288527   -0.137941   0.0101876
-0.326436   0.0652704   0.0299404
0.226072   0.333441   0.386688
0.447882   0.235347   -0.33104
0.320749   -0.0490866   -0.259059
0.237959   0.311852   -0.342314
0.0194355   -0.168995   0.231996
-0.395553   0.477668   0.493722
-0.386211   -0.137502   -0.445933
0.477545   0.485398   -0.332262
0.0781202   0.48962   0.447043
0.211739   -0.213129   0.130738
-0.0478177   -0.326779   0.497241
0.224327   -0.37533   0.389249
-0.010184   -0.176302   -0.345351
-0.321961   -0.41993   0.0478841
0.414855   -0.174113   -0.463758
-0.214806   -0.284863   -0.338064
0.173692   -0.347365   -0.387136
-0.393574   -0.29673   0.181464
0.272104   -0.187836   0.376866
0.370587   -0.389745   0.135305
0.421917   -0.0646908   -0.0408026
-0.0925746   0.232502   0.144842
-0.214828   -0.10781   0.159709
-0.477012   0.207445   0.427262
0.00310883   0.0252199   0.115599
0.00509983   0.237394   -0.229516
0.0934139   -0.165855   0.468042
-0.324354   0.280637   0.0465498
-0.328901   -0.141118   0.341085
-0.158046   0.37871   0.369748
0.0688433   0.394801   0.0390581
0.45696   0.150741   0.260651
-0.335327   0.0470288   0.471423
0.394514   -0.393001   -0.481074
0.0974368   -0.367139   0.207843
0.278157   0.102853   0.334482
-0.13982   0.379406   -0.0136423
-0.427082   -0.0892951   0.139473
0.0797457   0.453206   -0.345821
0.40615   -0.205972   0.212541
