0.539778   0.316628   -0.43421
0.384261   0.778333   0.768136
1.1388   2.61006   -0.400494
1.38644   0.188631   0.620906
-1.65602   0.138208   0.490696
1.77843   -0.878937   0.230449
1.6503   0.540271   -0.279852
0.534455   1.04791   -1.38392
0.453153   1.17174   0.792124
0.585512   0.936981   0.688596
-0.0341211   -0.669033   -1.4076
1.20715   -0.673497   -0.183712
0.836142   -1.4037   1.30288
-0.980678   -1.90816   -0.695746
0.604571   -0.0197367   0.188347
0.193013   -0.10011   0.303676
0.818821   0.947042   0.279956
0.716337   -0.0155793   -0.747332
0.384204   0.10769   1.32322
0.326287   0.612783   0.278218
-0.427671   -0.00481014   -0.191479
0.264643   0.675424   1.08889
-1.51114   -0.717023   -0.215305
-0.637345   -0.144631   -0.235828
-0.343977   -1.11208   1.14293
1.53187   -1.57715   -0.304113
2.10354   -0.236118   0.881127
0.107632   0.0900761   0.476008
-0.521279   -0.841763   0.600905
0.143886   0.589894   0.391136
-0.423431   -0.0858417   0.00313116
0.847902   -1.18496   0.306617
0.205204   1.22533   -0.680421
-0.219534   -0.0874421   -0.602987
0.741046   -0.927969   0.232078
1.37023   0.443138   -0.705033
1.15832   1.32489   0.500896
0.322751   -0.0428277   -1.42647
1.27202   1.68088   -0.695907
-0.311631   -1.74094   -0.908741
-0.348813   0.0756883   -0.612601
-0.708296   0.193885   -0.207663
-0.322179   0.0922747   -0.0141273
-0.396098   0.892429   -0.209779
-0.322926   0.996148   2.67678
2.51636   1.23306   0.0883569
-0.905334   -0.972661   1.23106
-0.0956337   -0.935662   0.0126276
0.311856   1.43724   -0.053245
-0.167049   -0.450745   0.00341261
-0.41056   -0.14578   -1.5202
1.34043   -0.0430244   -0.770222
-0.937177   1.52518   2.55758
-1.67982   0.798244   0.216128
-0.70636   -0.591706   -0.654991
-0.451542   1.18216   0.412486
-1.34264   -0.767738   1.18146
-0.124857   1.02316   -0.87582
-0.422508   0.0250737   -1.6171
-1.15902   -0.404594   0.836524
-1.62   -1.10968   0.452461
0.871266   2.00737   -2.43356
0.23963   0.801331   1.38995
-1.89979   0.807677   0.323725
-0.720455   -2.17923   0.392733
-0.19875   0.596813   -0.345234
0.409745   1.3076   -0.783739
-1.52802   -1.22085   0.0927934
0.830284   -0.15423   -1.63102
-1.21156   -1.4447   0.230326
-0.844328   0.126441   -2.1022
-1.71597   -0.243017   0.529289
0.313091   0.141125   0.28834
-0.0646205   -0.266926   1.67297
-1.08596   -1.69143   -1.18932
-1.36209   -0.198347   0.415185
-0.570104   0.412404   -1.01197
1.14098   -0.294734   0.53663
0.296145   -0.245042   0.0991923
-0.123432   0.0200634   -0.736042
0.961253   0.136285   -1.11379
1.00548   1.14229   -1.09725
-2.54191   0.744614   -0.217839
-0.661905   -0.0225   0.226774
0.949745   0.243635   0.198102
-0.963144   -0.990407   1.29902
0.0257682   -0.15466   0.500573
-0.151435   0.170661   0.662116
-0.667301   0.274583   -1.64162
-0.953085   1.57184   -0.440045
0.814203   -1.79852   1.29408
-0.403177   -0.638733   1.24278
-0.638837   -0.680679   -0.62564
-0.48991   -0.664784   -1.23994
0.146101   -1.12852   -0.2864
-0.628772   1.03328   -1.96484
0.641102   -0.573766   1.00116
0.73614   0.916532   0.276984
0.541255   0.545383   -0.545065
-0.783258   -0.494172   2.09665
-0.808206   0.0563268   -0.991223
-0.938353   0.568025   1.08729
0.435761   -0.803765   -0.742516
1.16405   0.00128296   -0.143407
-0.235802   -0.47445   0.149892
0.111691   -0.528407   0.624566
0.18165   -2.20215   -0.368793
1.78713   0.361902   0.495425
