-0.49508   -0.494213   -0.493027
-0.325669   -0.321913   -0.49248
0.492882   -0.321868   -0.330139
-0.33365   -0.48907   -0.322857
-0.164898   -0.495576   -0.499955
0.00677839   -0.345625   -0.495677
-0.158678   -0.340522   -0.336458
-0.000769022   0.496138   -0.338877
0.171855   0.492276   -0.498129
0.348876   -0.335643   -0.499411
0.173287   -0.334634   -0.32587
0.333403   0.495017   -0.348481
0.498452   -0.154277   -0.499147
-0.338065   0.00707298   -0.49945
0.487274   -0.000312006   -0.314128
-0.338735   -0.15809   -0.32285
-0.156844   -0.180262   -0.497028
-0.00424863   0.00358284   0.4817
-0.157212   -0.00614905   -0.338286
-0.00221352   -0.173349   -0.326272
0.170587   -0.163868   0.492795
0.32592   0.00553574   0.4985
0.172518   -0.00784361   -0.344441
0.327554   -0.174083   -0.342198
-0.493672   0.166993   -0.495257
-0.327738   0.332123   -0.492465
-0.49711   0.330235   -0.335434
-0.326563   0.161398   -0.336234
-0.165149   0.167264   0.480863
-0.00421268   0.341861   0.494489
-0.152066   0.330897   -0.328034
-0.0100816   0.157639   -0.328671
0.161035   0.174464   0.4802
0.344802   0.336831   -0.493618
0.163619   0.315953   -0.334082
0.3189   0.166996   -0.331828
0.493529   0.496208   -0.183834
-0.342721   -0.326315   -0.182068
-0.494231   -0.34204   -0.0085534
-0.324322   -0.494687   -0.0115815
-0.155146   -0.498277   -0.170139
0.00375255   -0.332234   -0.160609
-0.173048   -0.333847   0.00224136
-0.00192707   -0.497302   0.00469086
0.151856   -0.498305   -0.170975
0.33183   -0.342011   -0.167788
0.178156   -0.338571   0.00532496
0.326051   0.480205   -0.00756333
0.493418   -0.166715   -0.162528
-0.338563   -0.00419199   -0.166977
-0.497961   -0.00415278   0.0111452
-0.337638   -0.167759   -0.0021756
-0.154974   -0.179117   -0.157617
-0.00465548   -0.00662673   -0.159448
-0.176922   -0.000476676   0.00542988
-0.00156335   -0.167136   0.00909042
0.163151   -0.171092   -0.168132
0.327165   0.00444105   -0.161481
0.162347   -0.00178322   -0.00427178
0.339375   -0.17437   -0.00355113
0.494641   0.173348   -0.167802
-0.32303   0.328372   -0.169762
-0.487218   0.333985   -0.00255451
-0.33619   0.158422   -0.00869541
-0.169016   0.168274   -0.160151
0.0156955   0.327764   -0.163048
-0.171352   0.326014   -0.00185102
-0.00335443   0.155126   0.0105007
0.14872   0.148644   -0.171743
0.33297   0.348864   -0.171017
0.170015   0.316061   -0.00415399
0.339478   0.153151   0.00210815
-0.499936   0.497797   0.154696
-0.330574   -0.324991   0.172406
-0.48972   -0.327344   0.332509
-0.326141   -0.496661   0.34216
-0.169315   -0.493545   0.156548
0.00353552   -0.32861   0.157322
-0.170461   -0.331308   0.335442
-0.0182364   -0.487844   0.322471
0.163889   0.495737   0.16719
0.347476   -0.338087   0.176878
0.174883   -0.345274   0.330311
0.347591   -0.493395   0.345771
0.487066   -0.162399   0.164994
-0.342436   0.00788453   0.174799
0.496578   0.0216812   0.329007
-0.331311   -0.159905   0.337549
-0.168305   -0.176912   0.16617
-0.00902912   -0.00638621   0.177716
-0.177795   -0.000639324   0.331379
0.0116327   -0.182478   0.335262
0.170684   -0.165076   0.155131
0.323098   0.00671165   0.163494
0.155621   -0.00548532   0.330616
0.33571   -0.161305   0.329463
0.492226   0.192642   0.179721
-0.321853   0.348029   0.175172
-0.494984   0.33866   0.336712
-0.343633   0.173883   0.337798
-0.173104   0.163027   0.170037
-0.00785034   0.340455   0.167973
-0.160262   0.328805   0.322379
-0.00114849   0.171104   0.333732
0.17125   0.177313   0.177626
0.332869   0.341048   0.1598
0.164592   0.341064   0.335563
0.333991   0.184955   0.34598
