0.396562   0.460363   -0.478281
-0.438011   -0.353436   -0.479904
0.375385   -0.362612   -0.308809
-0.429501   0.471824   -0.311728
-0.278436   0.481058   -0.475081
-0.103148   -0.375313   -0.475213
-0.288744   -0.367422   -0.305895
-0.117516   0.47108   -0.303822
0.0633828   0.467048   -0.468436
0.222299   -0.373099   -0.475581
0.061161   -0.379767   -0.307845
0.210702   0.462943   -0.300615
0.391267   -0.207066   -0.486155
-0.42941   -0.04037   -0.471131
0.405943   -0.0324114   -0.29105
-0.458472   -0.222925   -0.28001
-0.264994   -0.204746   -0.463717
-0.105911   -0.0366647   -0.468059
-0.275678   -0.0393825   -0.309093
-0.0934449   -0.202225   -0.312299
0.06839   -0.207563   -0.442947
0.243179   -0.0295778   -0.451129
0.0577028   -0.0262365   -0.303042
0.236663   -0.188583   -0.301685
0.399138   0.123403   -0.451379
-0.437392   0.289066   -0.456254
0.395617   0.303792   -0.313451
-0.412688   0.123565   -0.314938
-0.253519   0.137845   -0.461324
-0.0920989   0.306265   -0.461486
-0.262789   0.304933   -0.320669
-0.101416   0.119684   -0.300563
0.0563298   0.11398   -0.480952
0.217375   0.270774   -0.456282
0.0622998   0.280362   -0.303801
0.241691   0.115618   -0.284603
0.410925   0.466872   -0.138966
-0.434656   -0.386999   -0.130546
0.39157   -0.378153   0.0390581
-0.437321   0.459648   0.0242304
-0.252948   0.453753   -0.147994
-0.117932   -0.363054   -0.154355
-0.269068   -0.382195   0.0318333
-0.0990884   0.467691   0.0375437
0.0648071   0.444763   -0.139919
0.253546   -0.366186   -0.140123
0.0782973   -0.368354   0.0603365
0.217742   0.434446   0.0302707
0.398328   -0.205388   -0.114157
-0.4207   -0.0340423   -0.142216
0.406575   -0.0290323   0.0210322
-0.427369   -0.193893   0.0537918
-0.286343   -0.196756   -0.138876
-0.10203   -0.0459479   -0.133722
-0.243022   -0.0323727   0.0460784
-0.0946384   -0.222931   0.0569356
0.0704554   -0.175532   -0.143705
0.241406   -0.0294265   -0.127549
0.0702352   -0.0344211   0.0620527
0.226482   -0.185996   0.0168387
0.424161   0.139082   -0.140239
-0.423059   0.310829   -0.159596
0.415523   0.280851   0.0512531
-0.427668   0.135168   0.0254177
-0.27388   0.143804   -0.144167
-0.0984075   0.287779   -0.148316
-0.248823   0.298975   0.0229742
-0.075753   0.125147   0.0339135
0.0607502   0.133632   -0.145334
0.242594   0.280068   -0.143885
0.0638982   0.289193   0.0290553
0.239687   0.129861   0.0294378
0.394216   0.445967   0.2092
-0.443648   -0.376158   0.202893
0.394321   -0.367194   0.359999
-0.434958   0.463369   0.358677
-0.279225   0.447904   0.185707
-0.110279   -0.392023   0.208487
-0.262807   -0.370066   0.367661
-0.0941859   0.449433   0.367094
0.0495534   0.444584   0.202781
0.230766   -0.348682   0.215913
0.0644238   -0.384622   0.348839
0.227809   0.468203   0.348412
0.402693   -0.202754   0.193382
-0.440025   -0.0297555   0.223818
0.399313   -0.021067   0.376586
-0.419011   -0.189692   0.37005
-0.25088   -0.191074   0.217525
-0.0930804   -0.0219352   0.207341
-0.273924   -0.0188845   0.370286
-0.0930227   -0.214322   0.386564
0.0736957   -0.202358   0.20738
0.252512   -0.0377416   0.196595
0.0442886   -0.0429475   0.371539
0.223223   -0.160375   0.374829
0.393095   0.132031   0.195656
-0.421626   0.286695   0.197992
0.373214   0.260218   0.38978
-0.424873   0.135828   0.36793
-0.261969   0.141944   0.192402
-0.0910332   0.279364   0.191683
-0.281111   0.299169   0.366836
-0.110523   0.143271   0.373887
0.0601619   0.127932   0.21634
0.222924   0.28972   0.195956
0.0814178   0.315071   0.381795
0.218003   0.106178   0.363871
