0.482831   0.169605   -0.455092
0.227903   0.25822   -0.377611
0.34547   0.420199   0.406947
0.377669   0.323409   0.413598
0.404826   0.473322   0.471326
-0.489519   0.112347   -0.392505
0.486079   0.151013   -0.302037
0.174817   0.286716   -0.29736
0.353808   0.383814   -0.252983
0.179768   0.192952   -0.499487
0.133961   -0.046651   -0.0610574
0.425712   0.360567   -0.394124
0.279983   0.371481   -0.203098
0.335353   0.293483   -0.259821
-0.480131   0.345469   -0.418646
0.348014   0.186656   0.49607
0.306057   0.319179   0.484993
0.317651   0.488919   -0.35096
0.420299   0.204462   -0.288465
0.250582   0.22421   -0.466903
0.432066   0.145366   0.480477
-0.480442   0.295921   0.498676
0.445835   0.403776   -0.224797
0.447704   0.366879   0.431465
0.455983   0.074184   -0.451033
-0.411186   0.45231   0.487349
0.496386   0.335151   -0.26561
0.399211   0.243182   0.383938
0.294216   0.218839   -0.231956
0.47046   0.146564   0.377573
0.431961   0.290143   -0.289173
-0.428399   0.145767   -0.436891
0.303783   0.166395   -0.43388
0.268244   0.137691   -0.335226
0.386035   0.284351   0.485969
0.362309   -0.26225   -0.108868
0.432689   0.381952   -0.30235
0.498821   0.217208   0.392646
0.315929   0.38177   -0.438344
0.272324   0.401005   0.441993
0.412641   0.329824   -0.216846
0.48196   0.43369   0.459656
0.363865   0.320408   -0.329319
-0.0989363   -0.362665   0.314144
0.434852   0.229755   -0.491984
0.407213   0.138823   -0.446556
0.321655   0.446723   0.496633
0.218183   0.382284   -0.448489
-0.437481   0.377248   -0.309
0.442917   0.335153   -0.488425
0.439205   0.459057   0.387225
-0.486345   0.218647   0.481133
0.373492   0.459896   0.322445
0.397786   0.230818   -0.20843
-0.382468   0.293813   0.477095
0.485982   0.211371   -0.376832
-0.396239   0.320634   -0.430648
-0.433652   0.205032   -0.321435
-0.375137   0.238152   -0.371476
0.387082   0.176876   0.348556
-0.357182   -0.317061   0.104956
0.349648   0.231437   -0.308953
0.432523   0.465692   -0.297069
0.223614   0.259629   0.460478
0.449596   0.219235   0.319419
0.35585   0.263007   0.308091
0.278177   0.306757   -0.329612
0.325142   0.260291   -0.463135
-0.408229   0.182493   0.474764
-0.432377   0.236835   -0.461645
0.386872   0.218549   -0.428256
0.225234   0.336876   0.484222
0.373291   0.370355   0.493523
0.451367   0.300699   0.359232
0.37324   0.31325   -0.423193
0.320454   0.179612   0.304985
0.454226   0.270152   0.438933
0.317239   0.248713   -0.382079
0.331769   0.265622   -0.174839
0.274086   0.312027   -0.433785
-0.473898   0.209249   -0.237149
0.361442   0.405831   -0.35192
0.439875   0.14511   -0.372967
0.372004   0.142254   -0.295914
-0.401864   0.368108   0.499692
0.460132   0.285738   -0.414131
0.308722   -0.318118   -0.129108
0.309838   0.481011   0.264147
0.415781   0.383183   0.360795
0.323639   0.239011   0.412439
0.473938   0.43591   -0.360239
-0.464009   0.286278   0.413263
0.307497   -0.0254212   -0.386189
0.496218   0.239546   -0.304414
0.346327   0.0586472   -0.326186
0.489847   0.332743   -0.344313
0.260712   0.411581   -0.344164
0.410163   0.250895   -0.353475
-0.424753   0.269617   -0.256743
0.186832   0.279114   -0.441859
0.479326   0.284398   -0.184109
0.358087   0.161084   -0.373376
-0.444248   0.285185   -0.356878
-0.490726   0.125502   0.459076
0.209121   0.342338   -0.367052
0.391875   0.498813   0.206459
0.46665   0.186809   -0.176991
0.195345   0.196604   -0.295935
