0.491578   -0.289882   0.0223708
-0.292494   -0.019088   -0.308928
-0.190398   0.236943   0.0322382
0.274611   0.0808005   -0.241226
-0.0732611   0.206957   0.0936386
-0.0659712   -0.0113697   0.331588
-0.313237   -0.0502477   0.335276
0.399978   -0.11959   0.267474
-0.383193   -0.0516887   0.291003
-0.0239479   0.0558946   0.341292
0.312907   -0.37585   -0.404092
-0.498188   -0.139916   -0.318412
0.278812   -0.447648   -0.0472603
-0.112213   0.291697   0.109822
0.353043   -0.279646   -0.266653
-0.145025   -0.158918   0.00975861
0.25065   0.352315   0.132941
-0.345203   -0.351332   -0.0990615
0.00498859   0.255781   0.0603516
0.398887   -0.164152   -0.478082
-0.306471   -0.233312   -0.0717973
0.314618   0.257445   -0.213999
0.264668   -0.220314   0.283368
-0.0690065   -0.07772   0.0673756
-0.268238   0.407032   -0.000983909
-0.396987   -0.0403514   -0.0334438
-0.13471   0.321441   -0.16066
-0.30803   0.0732715   -0.284615
0.252163   0.0581437   0.342512
-0.498146   0.0126475   0.296563
0.0109256   -0.046625   0.252134
0.243441   0.162634   -0.255011
0.131703   0.16256   0.130022
0.250233   -0.332692   0.4208
-0.267035   -0.184525   0.271746
-0.209063   0.0781148   0.102096
-0.00509809   -0.213517   -0.234368
-0.136741   -0.072214   0.230225
-0.0552823   0.0785322   -0.363276
-0.0679038   -0.270598   -0.205855
-0.489304   -0.0543415   -0.291967
-0.475375   0.265986   0.36713
0.117594   -0.428487   -0.393239
0.422927   -0.49459   -0.484725
0.0581249   0.146318   -0.308843
-0.161409   -0.0922451   0.0659637
0.312211   0.426306   0.0507213
-0.29595   0.0267519   -0.0697458
0.230116   -0.101061   0.496399
0.202272   -0.456363   -0.295367
0.0384752   0.358677   -0.391914
-0.183875   -0.404115   0.44375
-0.246589   0.336535   -0.199151
0.0681763   -0.272392   -0.313149
-0.169903   -0.14764   0.235207
0.0289801   0.0395457   -0.185613
0.208296   0.052573   0.12944
0.0889503   0.0497991   0.487834
0.235425   -0.209234   0.425926
-0.391647   0.0767103   -0.0283325
-0.425678   0.142246   0.445309
0.463616   -0.411619   -0.200726
0.231166   -0.124792   0.0740339
0.218426   0.407162   -0.0409109
0.477831   -0.183363   0.311314
0.0265987   -0.107415   -0.496826
-0.0555279   0.40531   -0.0156077
0.0298363   0.104577   -0.462447
-0.00437069   -0.138218   0.257539
0.0790793   0.269064   -0.425403
0.463055   0.0631831   0.407725
0.299885   -0.320747   0.160706
-0.463258   -0.306418   0.285515
-0.24478   0.0592041   -0.152077
-0.362195   -0.0130144   -0.09515
-0.0107471   0.0467241   0.463965
0.0110434   -0.036163   -0.257193
-0.0906209   0.259069   0.0162259
-0.476477   -0.378415   -0.0733954
-0.199115   0.463667   -0.0869978
-0.328094   0.42684   0.411816
0.165188   -0.368513   0.496863
-0.394158   -0.264717   0.297667
-0.208827   -0.0105799   0.210936
0.463205   0.184865   -0.296305
-0.175345   -0.343392   0.298208
-0.168033   0.356883   0.00508781
0.261655   -0.368893   0.490685
0.459489   0.39276   0.421596
-0.00757722   -0.216687   0.455662
0.464742   0.328816   0.00744999
0.444442   -0.173821   0.396537
0.298409   -0.329659   -0.069591
0.454812   -0.0643686   -0.374351
0.171051   0.288726   -0.0649899
0.272634   0.220493   0.158554
-0.275762   -0.0351006   0.0349095
0.335409   0.478108   0.389374
-0.118971   0.448604   0.296144
0.285456   -0.116054   0.007141
0.145204   -0.213991   0.341545
-0.298545   -0.122646   0.0146409
-0.226468   -0.076234   0.290507
0.0417005   0.205506   0.226311
0.188968   -0.0031921   -0.0208376
-0.103146   0.355464   -0.414247
0.424087   -0.474168   0.268219
-0.204152   0.235168   0.427677
