-0.569381   -0.0960461   1.42615
1.68154   0.755345   3.05694
-0.783678   0.489544   1.0288
-0.32423   -0.0272357   0.358579
-0.025639   1.60604   -0.250988
-1.97791   -0.538293   0.806569
-0.287842   -0.461932   1.03919
0.805197   0.469088   1.21965
0.172186   -2.83954   -1.17829
2.16783   0.90119   0.618769
-1.70405   -1.65558   2.16761
-1.27922   1.67979   -1.10527
1.2649   2.55916   0.763253
1.62069   -1.8688   -0.540754
0.793008   -2.43085   0.597555
0.017794   -0.837983   -0.0743497
-1.29663   -1.68094   0.947898
-0.545476   0.946745   -2.46218
-0.250599   0.452257   0.293417
-0.272807   -0.485655   1.2803
0.150233   1.98536   -0.518303
-1.23365   -0.702965   -1.05048
0.721942   -0.141897   -0.00758691
-0.15381   -0.0830666   0.69319
1.03243   0.088468   0.168853
-1.11434   -0.662879   1.91262
-1.69401   0.842463   -0.973424
2.7481   -2.26607   -0.686171
-1.03467   -1.20433   -0.619693
-0.470159   -0.705199   -0.0133556
1.684   0.168171   -0.708876
1.74779   -1.29793   -1.02847
-1.33923   -1.94293   0.450272
0.836269   3.20049   -0.523152
0.486953   0.0527215   2.18602
-2.21418   0.722574   -0.940496
-0.830469   0.170488   1.47034
-2.00654   -0.886411   -1.66415
-1.25926   -1.19048   -0.160485
1.68105   0.0109566   0.0741474
-3.2567   -2.45332   -0.253901
-0.548784   -0.493086   1.87708
-2.33999   -0.843576   -2.15144
1.16267   -0.0493138   -0.628403
-0.677803   -0.815194   0.123113
-0.288908   1.47387   -0.638669
-0.949561   -0.282647   0.948115
-0.0499315   0.00990122   -0.659565
1.36397   0.49624   -0.260249
1.34311   -1.72194   -2.19072
0.764573   0.710118   0.52795
1.37828   -0.46479   -0.463204
-1.23741   1.53958   1.67058
1.44782   1.65285   -0.851434
-1.50942   1.00809   1.45928
-1.19347   -0.943079   -0.955786
-0.547642   -0.0777638   -0.830621
1.86803   -0.0741062   -0.887318
1.64479   0.0316709   0.00180081
1.88721   1.04569   0.167753
1.17548   1.43567   -0.367053
1.93748   -2.04295   0.753858
-0.0571391   -0.0290709   -0.449772
-0.133151   0.264485   -1.52101
-0.119864   2.59944   -1.18568
3.32765   -0.496876   -0.211168
-1.61167   0.489328   0.90115
-0.960761   -0.0223292   -0.582971
-0.302126   -0.443958   0.518688
1.05566   1.32843   -0.0672675
-2.386   0.530785   1.54478
-0.355458   1.09919   -0.0100581
-1.59241   0.280909   -0.497836
2.22297   0.193066   -0.319793
-0.964797   -0.25382   0.352329
-0.342511   1.79612   0.617457
-0.785506   1.44032   -0.268714
-1.4445   1.78479   2.32914
0.940063   -0.640749   -0.118907
0.829713   -1.25769   -1.49209
0.57654   1.95906   -1.63257
2.28577   -1.60357   1.07274
-0.776599   0.431937   0.711978
0.595271   0.0705128   0.852395
-1.00218   -0.172505   -0.291236
1.29162   -0.440205   -0.81372
-0.982651   -0.597141   0.0837338
0.106868   -0.923851   -1.38132
-0.111611   -0.378416   -0.272653
-0.531931   0.109134   -0.0722169
0.296914   0.658348   -2.13327
-0.988443   2.65077   -1.15702
3.48867   0.399237   -0.650872
0.434573   -0.697244   0.175257
0.107168   -0.745414   0.0862788
-0.0400746   -0.542759   -1.14721
0.130951   1.19084   1.22262
0.0540332   -2.88982   2.15934
-3.52257   -1.85558   -0.036998
-1.46718   0.559259   -0.310295
0.625658   1.12441   -1.53292
0.165942   -0.148959   1.35927
-1.07036   -0.766165   -1.19578
0.779899   1.08125   0.048004
0.478108   0.829074   -0.35263
0.722417   1.48467   0.123302
0.344073   -0.234741   0.97192
0.37102   -1.45023   0.130802
