-0.49979   -0.493102   0.498241
-0.334173   -0.340672   -0.496295
0.476944   -0.339478   -0.331599
-0.326679   0.494414   -0.321115
-0.175735   0.496547   -0.467652
0.0196438   -0.331902   -0.494498
-0.16293   -0.323209   -0.347097
0.000735102   -0.497437   -0.331724
0.166249   -0.499297   0.482916
0.330339   -0.312967   -0.499527
0.164949   -0.321965   -0.309522
0.325957   -0.482655   -0.344237
-0.498081   -0.163433   -0.480238
-0.32577   -0.0115863   0.484313
-0.494695   0.0132742   -0.330712
-0.337423   -0.182553   -0.322476
-0.182809   -0.17274   0.474474
-0.0209983   -0.00109848   0.482991
-0.171228   0.00980104   -0.345879
-0.0121084   -0.167925   -0.337872
0.167256   -0.16722   -0.480321
0.336688   0.00727302   -0.481848
0.169918   0.00226993   -0.338454
0.334775   -0.161454   -0.336475
-0.49765   0.176561   -0.495243
-0.348831   0.327634   0.490496
-0.479626   0.342481   -0.324643
-0.339736   0.166285   -0.337377
-0.186669   0.163674   0.488125
-0.0131199   0.350556   -0.493462
-0.165981   0.320765   -0.341639
0.00173655   0.159215   -0.359373
0.173057   0.159246   -0.494191
0.331562   0.325256   0.481203
0.168406   0.344989   -0.341047
0.353648   0.191005   -0.31956
-0.490451   -0.490245   -0.177721
-0.33084   -0.334129   -0.179574
-0.485839   -0.335553   -0.0130508
-0.318035   -0.487636   -0.00809553
-0.152382   -0.496013   -0.174695
-0.00993721   -0.328639   -0.172297
-0.155211   -0.329958   0.00753173
0.0168641   -0.493528   -0.00262677
0.171272   0.491088   -0.172928
0.34029   -0.329297   -0.154742
0.156895   -0.320897   -0.0226569
0.31971   -0.480272   -0.00622132
-0.499597   -0.178113   -0.176099
-0.335927   -0.0161546   -0.159622
-0.494333   -0.00515126   0.000596865
-0.331918   -0.163198   0.00430976
-0.165083   -0.173443   -0.160577
-0.00872871   -0.0195421   -0.188243
-0.165262   0.00511827   -0.024774
-0.00567109   -0.150391   0.00444483
0.158849   -0.162871   -0.159245
0.332045   -0.00412043   -0.154986
0.177487   -0.0229   0.022834
0.349216   -0.164121   -0.0151937
-0.49852   0.168262   -0.158777
-0.324721   0.336662   -0.159142
0.491529   0.348177   0.0085163
-0.315974   0.172716   0.00466861
-0.13637   0.167059   -0.180403
0.0163567   0.31325   -0.155111
-0.162696   0.334418   -0.0114038
0.00738718   0.146707   0.0248341
0.139042   0.144997   -0.17704
0.346364   0.354696   -0.177873
0.187309   0.332752   0.0216619
0.350457   0.169598   0.00267966
0.463687   -0.489574   0.180567
-0.345031   -0.348449   0.158941
0.479756   -0.329729   0.332964
-0.353248   0.498379   0.328648
-0.160113   0.497078   0.146575
0.00824432   -0.346114   0.154638
-0.171224   -0.356783   0.332257
0.0025878   -0.487907   0.333877
0.173069   0.49462   0.183355
0.338908   -0.327049   0.159056
0.183517   -0.329398   0.331336
0.330558   -0.499923   0.348379
0.491601   -0.164454   0.161845
-0.355236   0.000217781   0.176172
0.494197   0.00215666   0.347647
-0.36966   -0.177425   0.32788
-0.168954   -0.160229   0.155962
0.00733736   -0.024344   0.179394
-0.181224   -0.0138958   0.320907
-0.00417495   -0.190949   0.34206
0.173128   -0.18776   0.159001
0.332585   0.0168647   0.178996
0.152874   -0.015654   0.357379
0.349268   -0.148637   0.34125
-0.493464   0.187318   0.16573
-0.340551   0.335609   0.166009
0.49381   0.33053   0.340927
-0.336684   0.165168   0.308998
-0.167269   0.1865   0.174011
-0.00567307   0.316559   0.158896
-0.153295   0.344005   0.335792
0.0136994   0.162804   0.339309
0.174898   0.159253   0.187436
0.328718   0.327513   0.170348
0.145997   0.333321   0.333659
0.346077   0.161215   0.342351
