-0.306957   -0.00682753   -0.57185
0.98049   -0.919811   0.875715
0.228368   -0.314638   -0.103335
0.588183   0.0386603   -0.634633
0.60013   0.899717   -0.440361
0.0130889   0.860896   0.0925592
-0.329792   0.939612   -0.736105
0.583751   0.460276   -0.997549
1.31338   0.269438   -0.914129
-0.0526783   0.0687487   -1.07985
0.408802   0.902522   -1.24765
-1.80666   0.454402   0.433262
-0.311095   -1.21288   -1.16688
-0.695253   0.961757   -0.468389
0.8897   -0.133307   1.47275
-0.466348   0.827202   0.662198
1.14589   0.909739   2.67952
-0.671612   -0.897098   -0.905655
0.0758162   -0.95198   -1.95816
1.28935   -0.739448   -1.67141
-0.284262   0.0729802   -1.35085
-0.0366372   -0.208091   0.13771
0.385801   1.95183   -0.250197
-0.626538   -0.195375   0.151929
0.353855   0.560739   0.283103
-0.311822   -0.0137865   -0.0375206
0.967041   -1.76085   -0.610348
0.113962   0.673379   -0.336542
0.345723   0.0223578   -0.670425
0.185186   0.127272   0.58297
1.10343   1.81373   2.20485
-1.22653   1.10504   -0.996529
1.14779   -0.469719   -0.528774
-0.0721578   1.80274   0.0425214
-1.26244   -0.357915   1.30774
0.387191   0.178408   -0.257473
-1.22216   -2.31562   0.991268
0.512002   0.484652   0.0540014
0.43806   -0.305507   -1.3026
-0.430616   -0.322542   0.760617
0.651279   -0.687449   1.10797
0.163319   -0.739396   -0.658177
-0.0546099   1.80824   1.20655
-0.599879   -0.233721   0.410845
1.78098   -0.372923   1.65591
-0.610787   -0.45639   -1.55149
-1.83469   -0.166151   -0.959492
-0.0365213   0.355574   0.491333
0.294938   0.0462737   -0.738584
0.80623   0.193805   1.60619
-0.749201   -0.719248   0.180221
1.07732   -0.995819   -1.31499
-0.443774   -0.214041   2.27503
-1.12305   -0.0453435   1.35649
-0.622989   -1.13344   0.0617536
0.445148   2.17561   0.272039
-0.405679   0.0354948   0.472305
-0.491442   -0.139352   -0.347696
0.217535   -1.3064   -0.35513
0.0673315   -0.719013   -1.04988
-2.06798   -1.478   -0.106201
-2.95515   -1.16285   0.388314
1.1749   0.456668   -0.570662
0.115193   1.09176   -1.08122
-1.02269   -1.84784   0.805148
-0.462554   -0.541576   0.713869
1.63397   0.328839   -0.92555
0.598457   -0.286737   -0.555895
-0.674454   -0.226026   0.441825
0.467903   0.415296   -1.00892
0.684726   -0.431274   0.865185
-0.630574   0.14335   0.815516
0.434631   -0.0547237   -0.184278
0.0667465   -0.455593   0.731599
-0.12895   0.114969   -1.54606
0.417742   -0.664977   0.111013
-0.372018   -0.782969   0.860762
-1.13216   1.5118   1.01776
-1.18861   -0.557403   -0.850956
-1.42271   -1.24698   0.730047
-0.0554924   0.782789   -0.771243
1.33626   -0.216059   1.08369
-0.189528   0.667284   -1.83714
0.242519   -0.541395   0.470715
0.261931   -0.380108   -0.505467
1.75543   -0.769624   1.5188
-0.706076   0.789788   -0.360496
-0.395458   1.13352   -1.92251
0.0603922   -1.47502   -0.0547046
0.43416   -0.171744   -1.40888
0.435684   1.63548   -0.260485
0.724289   -1.41453   -0.64437
0.951354   0.835851   1.49009
2.22071   -0.785413   0.512721
-0.754493   -0.233336   -0.235828
0.839394   0.240174   0.235289
0.253558   -0.780173   0.878462
-0.5024   0.0231831   -0.561025
-1.97918   -0.0897697   1.10736
0.700815   -0.575805   0.886691
0.558571   0.347002   -0.213431
-1.00259   1.28085   1.15109
-1.22183   0.519867   0.184425
0.859797   1.097   -0.258695
0.0383398   1.32683   0.328464
-0.0865942   -0.227607   0.287037
-1.52289   -0.271944   -0.0365861
0.732035   0.980208   0.668033
