-0.158238   -0.452506   0.221239
-0.244721   -0.440051   -0.319672
0.221169   -0.26646   -0.327541
-0.482823   -0.363763   0.375668
-0.104314   0.393658   0.328697
-0.477974   -0.284681   -0.413255
-0.193347   0.461887   -0.475783
-0.079203   -0.404767   0.402374
0.323147   -0.249675   0.171535
0.454953   0.0962632   -0.342224
0.208345   -0.204097   0.350709
-0.413883   0.219929   0.0888066
-0.402086   -0.281679   -0.178041
-0.0827354   -0.0443424   0.22276
-0.00651819   -0.0839139   -0.31229
0.24264   -0.0935007   -0.136421
-0.165153   0.192665   -0.0444572
0.412136   -0.429079   0.190684
0.229589   0.0737976   0.40547
0.421128   0.216063   -0.132253
0.363499   0.22357   -0.494207
-0.32093   0.0555233   -0.101967
-0.0487778   -0.470317   -0.34079
0.230325   -0.0473868   -0.328531
-0.207611   0.215247   -0.486036
0.317643   0.0698742   0.211568
-0.14586   -0.154869   0.0364782
0.471917   -0.00063736   -0.132797
-0.122119   0.221629   -0.280363
0.492154   0.299309   0.268221
-0.226116   0.0679036   0.106455
-0.156469   0.394254   -0.165059
0.393078   0.000357705   0.477556
0.0329212   -0.319771   -0.00964157
-0.435582   0.233339   0.47411
-0.220506   -0.401663   0.0120207
0.492954   0.0185142   0.0773006
0.208924   0.36397   0.404308
-0.0010545   0.403136   0.496941
0.0865502   0.352795   -0.326878
0.000411708   0.197562   0.365932
0.295222   -0.388034   0.379681
0.0478691   -0.0555438   0.422649
-0.198103   0.00694006   -0.295895
-0.477679   -0.187193   0.188311
-0.393388   -0.00381318   0.499133
0.237042   0.226654   -0.285676
0.487077   0.0844461   0.313727
0.463648   0.399969   0.0900983
-0.437032   0.495657   -0.466496
0.219265   0.309987   -0.123217
0.137358   -0.411088   0.256609
-0.423953   -0.351215   0.0631446
0.36451   -0.19521   -0.468863
-0.349558   0.152631   -0.273069
-0.37357   -0.198637   0.39473
0.227505   -0.480223   -0.459366
-0.315588   0.158318   0.290835
0.426249   -0.439469   -0.0907394
-0.364941   -0.155137   -0.0150097
-0.191691   -0.151632   -0.188221
0.0128888   0.168722   0.114899
0.36129   0.228498   0.058695
-0.272307   -0.253498   0.178989
0.225099   -0.309455   -0.106503
0.181575   0.122721   -0.00789227
0.379656   0.411801   -0.398098
-0.327686   0.382088   0.387051
0.0335675   0.486644   -0.130001
-0.300683   0.374916   0.144878
-0.292161   -0.348214   0.493615
0.0480986   -0.163596   -0.150538
-0.498246   0.300475   -0.294224
0.416384   -0.140851   -0.270047
-0.16461   0.0541423   0.354897
-0.282389   -0.19186   -0.38947
0.0413352   0.40245   0.188091
-0.151243   -0.103092   0.496256
-0.299928   0.341299   -0.31842
0.304932   -0.0363127   0.0474097
-0.0975081   -0.337029   -0.194173
0.135559   -0.0243045   0.222164
0.239168   0.498061   -0.241501
0.254836   0.497366   -0.0317776
-0.3686   0.458322   -0.0438153
-0.358701   -0.44916   0.229192
0.420453   -0.185408   -0.0652515
-0.130808   0.385292   0.0172948
-0.138467   0.228807   0.214648
0.281577   0.41295   0.203679
0.0470674   0.101894   -0.202445
0.442629   -0.107136   0.327233
-0.353066   -0.0438373   0.260508
0.188224   0.242916   0.221469
-0.0163627   0.069389   -0.441214
0.427466   0.44607   0.389979
-0.364613   0.285327   -0.114733
0.00550274   -0.0260613   0.0100581
0.110105   -0.350812   0.458162
0.0261476   0.277379   -0.0384144
-0.456682   -0.482179   -0.276816
-0.404869   -0.0447998   -0.290479
0.156136   0.138431   -0.432421
-0.0337538   -0.260591   0.157772
-0.135696   -0.235412   0.334666
-0.110169   -0.298471   -0.432308
0.137943   -0.174983   0.0665018
0.393137   -0.344441   -0.280567
