0.250404   2.45137   -2.14562
-0.956431   1.43612   0.793128
-0.356344   0.373058   -1.16749
-0.0898053   -0.0928709   -0.633923
0.195507   0.0483124   -0.321776
-1.55246   -0.851183   -0.19144
-0.392409   0.434629   1.19913
-0.587217   -1.61756   0.687582
-0.66211   -0.743545   2.01212
0.303072   -1.63014   -1.24915
0.57315   -1.2233   1.03534
-0.630606   1.23918   -1.11496
-0.313594   -1.28502   0.0417535
0.749415   -0.319125   2.03284
-2.41754   1.57941   -0.0512246
1.5308   0.307219   -0.15514
1.63264   1.85922   -0.720352
0.477567   -1.51065   -0.292742
0.830772   1.01643   0.623005
-1.18577   0.909848   -1.25656
-0.0732485   1.21068   -0.0146361
-0.0149168   0.296032   0.814781
-0.185359   -0.444168   1.50996
1.32893   -0.280624   0.644597
-0.0028145   -1.4028   -0.399184
2.06642   0.0865934   -1.12341
-1.39864   0.459773   -0.48892
1.65981   1.10221   -0.309879
0.64263   -0.56507   -0.392206
1.06887   -0.153394   0.00287487
0.274544   -0.409806   -0.160852
-0.513844   -0.913356   -0.994438
0.107688   0.400994   -0.191072
-1.35383   0.616193   -0.367344
0.945886   -0.114084   -1.33886
0.812996   -0.37405   -0.917839
1.22008   -0.0219535   -2.14713
1.18382   -0.762652   0.313931
1.34478   -0.0682415   -0.786648
1.51345   -1.56013   1.85474
0.815492   -1.37237   -0.293913
0.556133   0.861641   0.779902
-0.993052   0.177488   -0.485506
-1.54303   -0.567925   -0.606766
-0.582322   0.339484   0.58607
-0.673845   0.539216   -0.705148
-1.48293   0.737318   0.305175
-1.32219   2.37111   -0.0866354
0.00301857   -1.55211   -1.42238
0.392324   -0.294404   1.3977
0.281796   0.656068   0.577714
-2.13918   -0.47388   0.716058
1.08851   0.128489   0.202424
-1.61057   -1.92999   -0.605558
-0.280643   -1.40443   -0.731315
-1.26515   -0.838312   -0.540639
-2.13086   0.414867   -0.65728
1.72316   1.77324   -0.960506
0.633658   1.02382   0.144568
0.0319005   1.99159   -0.995973
-0.265986   1.59505   1.6214
-1.09489   0.750835   -2.00384
0.609584   -0.545184   1.04772
-0.41025   -0.823946   -0.632229
-0.317968   0.111303   -1.45923
2.33927   1.26978   0.0534228
0.27297   -0.0410313   -0.578517
-0.568962   -0.243317   -0.270865
0.1851   0.010106   -0.440287
-0.849782   0.594925   2.70049
0.591476   -1.24985   0.371429
0.391314   -1.86549   1.95912
0.570978   -1.98292   -2.04849
-0.0638229   1.39877   0.110211
2.24436   0.305398   -0.780665
1.44424   -1.77847   1.583
0.144952   0.0801286   1.40874
1.5647   0.862423   0.164935
0.846405   0.76222   -0.914222
0.466705   0.705293   -0.382821
-1.30383   0.447114   -0.284712
1.5802   0.583493   -0.0948113
-2.1992   -1.21513   2.66769
-0.799241   0.481581   0.733048
-0.161921   1.17899   0.264924
1.15749   -1.28161   0.0682493
0.203915   0.355748   -0.599091
0.347672   0.227815   0.919858
0.584362   1.21747   1.04393
0.0526445   0.737899   0.968786
-1.15866   0.0232273   0.918957
0.232058   -0.614707   0.724476
-0.426016   0.903645   -0.43372
-2.67561   -2.79621   2.74851
2.23372   -0.149007   0.231882
0.647891   -0.384248   -0.547677
-2.38281   -0.623606   -0.540538
0.321245   0.670067   -0.055058
-1.03785   -0.990015   -0.647881
0.314657   -1.07412   0.749499
0.45857   -1.01868   -1.10597
-1.55455   1.25302   0.137198
1.18756   0.469394   1.14346
-1.17249   -0.245848   0.435664
-0.108804   -0.00143946   -0.801608
-1.52719   0.329161   0.386003
-0.590227   -0.90917   -0.831838
0.147518   0.44469   -0.959516
