0.498471   -0.480077   0.496955
-0.334886   -0.327266   0.498993
0.485359   -0.317835   -0.318641
-0.326381   -0.496251   -0.345567
-0.168718   0.495202   0.499423
0.00659613   -0.308147   -0.49226
-0.184859   -0.334761   -0.349119
-0.0243928   -0.48887   -0.338439
0.139781   -0.497526   -0.484678
0.328928   -0.326363   -0.489913
0.157085   -0.339526   -0.322817
0.34494   0.497426   -0.333547
0.492805   -0.162784   0.488824
-0.31665   -0.00499847   -0.494567
-0.498781   0.0177046   -0.34028
-0.337153   -0.15583   -0.351227
-0.173187   -0.162934   0.482683
0.0140437   0.023583   0.496895
-0.145696   0.0188434   -0.335294
0.00863776   -0.155314   -0.341929
0.170481   -0.162374   -0.498304
0.328976   -0.00862271   0.484342
0.184438   -0.000332445   -0.334613
0.321027   -0.164932   -0.332373
-0.497379   0.163941   0.491572
-0.319371   0.336442   -0.489732
-0.483263   0.332554   -0.34534
-0.314089   0.170894   -0.341109
-0.144162   0.158955   0.497105
0.00143076   0.315484   0.493455
-0.165183   0.333816   -0.333025
0.00741764   0.171668   -0.331536
0.172287   0.177556   -0.499794
0.331307   0.343006   -0.484588
0.163091   0.352933   -0.326886
0.33497   0.159584   -0.33898
-0.496397   0.49799   -0.16402
-0.336955   -0.341522   -0.158635
0.478961   -0.332826   -0.0100145
-0.352425   0.49657   0.0129238
-0.160748   -0.476751   -0.16325
0.00685636   -0.324037   -0.156052
-0.164734   -0.300536   -0.00667019
0.000986   0.487895   0.0159364
0.168211   0.492597   -0.137907
0.323194   -0.35179   -0.162152
0.155736   -0.331463   0.0104275
0.3283   0.455242   -0.00505376
0.499186   -0.170369   -0.178998
-0.328957   0.0117098   -0.164499
0.49968   0.00369347   -0.01941
-0.358306   -0.174733   0.00651593
-0.176783   -0.155491   -0.173911
-0.00588583   -0.000705576   -0.173396
-0.158127   -0.0147632   0.00288443
0.0122596   -0.164575   0.0186869
0.166856   -0.153039   -0.156946
0.342978   0.00410838   -0.172777
0.161719   0.00318197   0.0068458
0.341491   -0.162376   0.0200258
-0.485197   0.170408   -0.179109
-0.32695   0.330102   -0.18324
-0.48005   0.313994   -0.000899514
-0.329782   0.163766   -0.0192249
-0.162971   0.169732   -0.161738
-0.00718331   0.354565   -0.171669
-0.167908   0.329631   -0.000237764
-0.00491811   0.158781   0.00463519
0.139041   0.180789   -0.163948
0.331394   0.310258   -0.186417
0.169184   0.308733   0.00974152
0.353624   0.164041   -0.00597105
0.485345   0.498837   0.179465
-0.336879   -0.32668   0.178721
0.483027   -0.345815   0.33608
-0.324966   0.499994   0.351433
-0.165772   -0.484667   0.154127
-0.0022912   -0.339395   0.183144
-0.170485   -0.333887   0.345083
-0.00474882   0.4936   0.316144
0.157163   0.497031   0.1586
0.339561   -0.334291   0.151675
0.180621   -0.32115   0.340975
0.310489   -0.497394   0.341651
-0.490305   -0.16431   0.177933
-0.327945   -0.00205458   0.155311
-0.481847   -0.00717999   0.346553
-0.337793   -0.181839   0.327754
-0.186686   -0.170054   0.171503
0.000290006   0.00641099   0.160479
-0.160842   -0.00551164   0.315833
-0.0130519   -0.179436   0.326255
0.160109   -0.169813   0.172647
0.353426   0.00998135   0.140106
0.157715   -0.0250207   0.345076
0.332744   -0.165481   0.319176
-0.478447   0.161713   0.163702
-0.348564   0.351421   0.187475
0.495147   0.339206   0.349777
-0.324982   0.156121   0.339272
-0.163108   0.16831   0.162699
0.00169605   0.31051   0.155469
-0.17198   0.322178   0.341888
-0.00982601   0.160291   0.328415
0.170731   0.146894   0.179873
0.346035   0.328534   0.159595
0.168496   0.329626   0.324516
0.324625   0.145669   0.343428
