-0.493268   0.49873   0.497559
-0.336034   -0.331304   -0.498768
-0.489675   -0.341546   -0.32526
-0.327046   0.498718   -0.323531
-0.172558   -0.499906   -0.494884
-0.00943441   -0.329329   0.491541
-0.15583   -0.325275   -0.320027
-0.0142878   0.495197   -0.335426
0.158648   0.478807   -0.489868
0.324099   -0.328557   0.49721
0.171968   -0.359336   -0.327147
0.338465   0.494587   -0.344196
0.494611   -0.151783   -0.494886
-0.335785   0.00546943   -0.488812
0.474844   0.00209423   -0.333768
-0.340663   -0.155567   -0.328557
-0.169576   -0.167007   -0.492336
-0.00480164   -0.00685271   -0.488436
-0.15492   -0.00523262   -0.329674
0.0292787   -0.1803   -0.329626
0.168278   -0.154894   0.482258
0.340829   0.0136751   0.490694
0.166276   0.0187337   -0.344781
0.315127   -0.156178   -0.346713
-0.488205   0.174135   -0.49912
-0.319362   0.325041   -0.499309
-0.485795   0.332884   -0.335168
-0.33755   0.149433   -0.323978
-0.175554   0.157039   -0.491745
-0.00426039   0.329773   0.496083
-0.164447   0.320017   -0.329887
0.00387959   0.168987   -0.323788
0.148103   0.174182   0.480616
0.326965   0.328522   0.482424
0.175188   0.32023   -0.332435
0.345402   0.175227   -0.349454
0.498808   0.480179   -0.168086
-0.322658   -0.337696   -0.169913
0.493143   -0.326799   -0.0166289
-0.331021   0.490874   0.00212571
-0.170047   0.493206   -0.151713
0.000846345   -0.337171   -0.166102
-0.158025   -0.328314   0.0128474
0.00621883   -0.49236   -0.00234245
0.179679   0.485979   -0.158958
0.329801   -0.331627   -0.182237
0.167377   -0.328466   -0.00357309
0.341452   0.498663   0.00202399
0.487269   -0.164691   -0.168568
-0.352755   -0.00606546   -0.173733
-0.498687   -0.00309066   -0.000997192
-0.331017   -0.173297   0.000289725
-0.167544   -0.157097   -0.169156
-0.00551023   -0.00892231   -0.163616
-0.177978   -0.00561427   0.00463732
-0.00112162   -0.163205   -0.00338581
0.16277   -0.171288   -0.163319
0.316979   0.000203212   -0.178069
0.167246   0.00237025   -0.0093687
0.323191   -0.164958   -0.0128299
0.496579   0.149446   -0.169186
-0.352262   0.325377   -0.159101
0.494669   0.335161   0.00462868
-0.339013   0.162797   -0.00275636
-0.175996   0.15567   -0.169707
0.00919737   0.329826   -0.166355
-0.153401   0.338226   0.0112531
-0.014126   0.155808   0.00988619
0.155012   0.177005   -0.168316
0.334559   0.31645   -0.178875
0.17395   0.327064   -0.000930898
0.351916   0.162298   0.00208862
-0.49255   -0.496501   0.164231
-0.335317   -0.337672   0.152704
-0.485278   -0.318712   0.354717
-0.327821   -0.496989   0.3292
-0.180731   -0.475751   0.176645
0.00460718   -0.333917   0.151548
-0.181721   -0.3203   0.346179
-0.000645391   -0.490689   0.336579
0.163373   -0.4912   0.172108
0.338502   -0.327939   0.164176
0.161419   -0.323437   0.328616
0.344618   -0.490153   0.330641
-0.486273   -0.180986   0.167045
-0.333977   0.0013908   0.175439
-0.494278   0.00850688   0.334667
-0.335911   -0.152075   0.351951
-0.180882   -0.167888   0.174226
-0.00539004   -0.0144107   0.169372
-0.168959   -0.00442855   0.338841
-0.00177775   -0.158192   0.338088
0.16869   -0.156027   0.17223
0.339996   0.00345391   0.166036
0.18097   0.00361325   0.333842
0.34211   -0.173411   0.343044
-0.483557   0.177647   0.172171
-0.322842   0.341172   0.167433
-0.487977   0.337642   0.327111
-0.335719   0.175578   0.339042
-0.180788   0.157135   0.170191
0.000114534   0.329141   0.165219
-0.163892   0.341934   0.335546
-0.00794051   0.165249   0.323098
0.161733   0.171469   0.149478
0.340321   0.345062   0.169635
0.163259   0.326848   0.325252
0.34211   0.170486   0.314937
