0.479201   -0.48578   0.485436
-0.329242   -0.342413   -0.490449
0.494098   -0.341736   -0.323676
-0.333087   -0.497469   -0.330528
-0.168275   0.481812   -0.496037
-0.00706945   -0.334568   -0.482963
-0.177171   -0.320507   -0.337477
0.0287139   0.490589   -0.346879
0.18792   0.471506   -0.49909
0.329889   -0.33276   -0.491914
0.17125   -0.321153   -0.344596
0.337791   -0.494976   -0.32415
0.499715   -0.18753   -0.488502
-0.33791   0.00705074   0.493401
-0.481128   -0.00271174   -0.333301
-0.335495   -0.174693   -0.344476
-0.189417   -0.16289   -0.493642
-0.0266392   0.00614901   0.487014
-0.17071   0.00791169   -0.331258
-0.00995036   -0.153896   -0.34955
0.167653   -0.172161   -0.497874
0.339765   -0.0196766   -0.496752
0.16601   0.00970543   -0.33682
0.330652   -0.156532   -0.323953
-0.495269   0.162023   -0.497782
-0.337903   0.351602   0.493438
0.498259   0.35107   -0.335026
-0.338732   0.178916   -0.341857
-0.147805   0.178832   0.484705
0.0216586   0.327881   -0.49462
-0.147608   0.328097   -0.354321
0.00561456   0.162256   -0.320208
0.171818   0.160124   -0.490741
0.351949   0.341511   0.49452
0.162634   0.322978   -0.333779
0.35163   0.164309   -0.346106
-0.49978   0.494944   -0.184561
-0.333978   -0.330731   -0.177521
0.485164   -0.341272   0.000821405
-0.313216   0.495506   -0.00846736
-0.157382   0.498842   -0.176297
-0.00992753   -0.338465   -0.167643
-0.18586   -0.331567   -0.0157487
-0.0152046   0.499091   -0.0125426
0.163057   -0.492544   -0.162187
0.32025   -0.352116   -0.148058
0.173674   -0.361321   0.000576924
0.33964   0.482639   -0.00676584
-0.487192   -0.168337   -0.170845
-0.335194   0.0337798   -0.16241
0.486431   0.0105919   0.00927617
-0.337719   -0.163351   0.000627188
-0.168504   -0.163573   -0.169583
-0.00941649   0.0181396   -0.146242
-0.170667   0.0170387   0.0113917
0.00864585   -0.167334   -0.0136174
0.166996   -0.159466   -0.175164
0.335486   0.0108456   -0.180787
0.169383   -0.00340425   0.00619795
0.327137   -0.143111   -0.0187225
0.488205   0.188906   -0.150951
-0.325456   0.341581   -0.179131
-0.478134   0.356093   0.00274578
-0.352986   0.17193   0.019398
-0.153693   0.189207   -0.170837
0.00721459   0.346003   -0.170155
-0.182404   0.316162   0.0182013
-0.01376   0.16839   0.0101819
0.178301   0.186378   -0.162402
0.340439   0.345715   -0.163443
0.169157   0.32145   -0.00151755
0.332481   0.176838   0.010657
0.496152   0.489262   0.177187
-0.343135   -0.346132   0.170627
0.498089   -0.324125   0.333205
-0.343121   -0.492875   0.349371
-0.168113   -0.469754   0.170489
0.011432   -0.315639   0.159196
-0.175548   -0.338794   0.348502
0.00894417   0.494441   0.347415
0.177712   0.487762   0.165683
0.342412   -0.331988   0.161116
0.171028   -0.353634   0.365134
0.331932   0.483944   0.317807
0.496301   -0.169108   0.168798
-0.339866   -0.00717849   0.163269
0.497055   -0.0188811   0.323297
-0.346016   -0.173418   0.342375
-0.164025   -0.156811   0.151915
0.00367854   -0.0144547   0.161704
-0.182339   -0.0101983   0.321074
-0.037427   -0.172085   0.331033
0.187707   -0.190128   0.173011
0.323723   0.00284638   0.178926
0.159785   -0.0237686   0.325117
0.313581   -0.178694   0.345263
0.488725   0.17489   0.169026
-0.337107   0.336762   0.168813
-0.493993   0.338167   0.342657
-0.337553   0.154305   0.317529
-0.154959   0.156005   0.190511
0.00987904   0.350991   0.156852
-0.155977   0.355935   0.312854
0.00893326   0.166673   0.331866
0.162846   0.15098   0.169594
0.33589   0.324477   0.1693
0.171742   0.306881   0.332194
0.357636   0.157008   0.332632
