0.926243   1.39908   -0.0115241
-0.137442   0.492546   -0.715765
0.241498   0.0313906   -0.145216
-0.0954298   0.334373   -0.245998
0.8208   0.249962   -0.671071
-0.133934   0.236923   0.321003
0.0411349   2.78222   -1.01043
0.0267066   0.433643   0.251189
0.0469023   0.948699   0.847701
-0.532216   -0.486736   2.12766
-0.405374   -0.406412   0.588688
0.470048   -0.221315   0.310691
-2.2925   -0.676892   0.47178
1.55045   -1.37243   -1.046
-1.63397   -0.486642   -0.188544
-0.0563272   0.543363   -1.31985
-0.406269   -0.190844   0.162442
0.373616   0.941295   1.06951
0.878563   0.904028   -0.918786
-1.09489   -1.41436   -0.254661
1.21391   0.297137   -0.165421
0.161213   0.516685   1.26881
0.766461   0.624983   -0.865198
-0.576321   -0.489999   -1.0542
1.03211   0.958325   0.211591
-0.297771   1.72858   -0.645654
1.18958   1.19852   0.00842776
-0.41597   0.971018   0.944362
0.994808   0.144916   0.336632
-0.0534687   1.18839   0.263854
-0.759574   -0.176316   0.554591
0.299788   -0.345573   -0.850792
-0.418119   -0.682524   1.76163
-0.49943   1.27339   -0.761705
1.77987   -1.49767   0.967321
-1.36468   0.542842   0.202215
-0.109787   0.0156678   0.826129
2.02747   -0.799195   0.436143
-0.971583   1.87355   -0.664509
0.591577   0.0971285   0.135548
-0.933051   0.152736   0.353132
0.648197   -0.881448   0.489463
-2.38793   0.784783   -0.434472
-1.70705   -1.48875   0.257546
-0.504706   -1.54454   -0.832857
-0.691212   0.448038   -0.461369
0.837065   -0.557437   0.289541
0.239876   -1.63055   -0.927236
-0.574181   -1.44751   -2.30881
0.440308   -0.512722   -0.0877841
0.508758   -0.346132   -0.271946
-0.107941   -1.31249   0.55047
-1.31575   0.377545   -0.386406
0.221615   0.981694   0.805241
-0.152831   0.371288   -0.0968415
0.954366   0.793924   -0.711298
2.6472   0.104498   -0.391732
-1.35632   -0.779531   0.501238
1.61591   0.0305913   0.902137
-0.976893   -0.132716   1.17759
1.18384   -0.502626   -0.369924
-0.705825   -0.111281   1.04574
-0.0158501   0.91196   -0.967238
1.16506   -0.152027   1.84286
0.0392242   0.0292586   -1.6958
0.135149   0.00687721   -0.230054
0.0296086   -1.44509   -0.886443
-0.927395   0.698777   1.02789
0.0020692   0.12875   -0.430347
-0.0547922   0.105041   0.225376
0.579919   0.173569   0.233265
-0.591537   -0.985064   0.302666
-0.737543   -0.428324   -0.587879
0.753815   -1.07197   -0.563687
1.10249   -0.555841   -0.745828
0.170996   1.965   -0.49881
-1.14323   -0.599975   -0.454608
-1.31479   -0.281814   2.16972
1.36072   0.558806   -1.09059
1.3889   -0.0822569   -1.0033
-1.09555   0.481509   1.16092
-0.602215   0.298499   0.106638
0.480685   1.59874   -0.151912
-1.50628   -0.672812   -0.0311467
0.148776   -0.335809   -0.603845
0.912965   0.962708   0.406998
-0.259078   -0.45223   0.546316
-0.947616   0.142195   -1.28414
0.182764   0.524475   -0.294026
-1.23499   -1.17436   0.0514715
-1.07163   0.681805   0.448167
0.0359457   0.362191   0.57982
0.136497   0.327597   1.14993
0.603419   -1.23694   0.225504
0.202389   0.726191   0.362982
1.50563   0.0783052   0.558647
-0.874367   -1.08258   -1.16134
-1.08499   -0.169745   0.387301
1.53309   -0.0522005   -1.12799
-0.11466   -1.08399   -0.569765
0.273495   -1.05871   1.18596
-0.876803   0.898277   -0.239522
1.31878   -0.414052   -0.834159
0.772403   -1.47797   -0.0661449
1.05734   -0.428922   0.267507
-0.534863   -1.41615   -0.424964
-0.603655   0.579874   0.895101
-1.36143   0.13931   0.184489
